2022-05-03 16:42:47,905 [INFO] myApp: <User '123@gmail.com'>
2022-05-03 16:43:11,667 [INFO] myApp: <User '123@gmail.com'>
2022-05-03 22:56:17,512 [INFO] myApp: <User '123@gmail.com'>
2022-05-04 03:28:29,204 [INFO] myApp: <User '123@gmail.com'>
2022-05-04 03:29:14,331 [INFO] myApp: <User '123@gmail.com'>
2022-05-04 05:53:19,932 [INFO] myApp: <User '123@gmail.com'>
2022-05-04 14:34:31,889 [INFO] TheLog: The Log Info
2022-05-04 14:34:36,661 [INFO] TheLog: The Log Info
2022-05-04 14:40:52,619 [INFO] TheLog: The Log Info
2022-05-04 14:41:31,109 [INFO] TheLog: The Log Info
2022-05-04 14:43:17,225 [INFO] TheLog: The Log Info
2022-05-04 14:44:04,901 [INFO] TheLog: The Log Info
2022-05-04 14:44:13,480 [INFO] TheLog: The Log Info
2022-05-04 14:45:07,390 [INFO] TheLog: The Log Info
2022-05-04 14:45:19,588 [INFO] TheLog: The Log Info
2022-05-04 14:45:41,141 [INFO] TheLog: The Log Info
2022-05-04 14:46:14,505 [INFO] TheLog: The Log Info
2022-05-04 14:46:14,900 [INFO] TheLog: The Log Info
2022-05-04 14:46:23,019 [INFO] TheLog: The Log Info
2022-05-04 14:47:55,140 [INFO] TheLog: The Log Info
2022-05-04 14:48:02,938 [INFO] TheLog: The Log Info
2022-05-04 14:48:02,964 [INFO] TheLog: The Log Info
2022-05-04 14:48:35,203 [INFO] TheLog: The Log Info
2022-05-04 14:48:35,227 [INFO] TheLog: The Log Info
2022-05-04 14:49:05,969 [INFO] TheLog: The Log Info
2022-05-04 14:54:11,793 [INFO] TheLog: The Log Info
2022-05-04 14:57:07,934 [INFO] TheLog: The Log Info
2022-05-04 14:57:09,810 [INFO] TheLog: The Log Info
2022-05-04 14:57:16,441 [INFO] TheLog: The Log Info
2022-05-04 14:58:56,131 [INFO] TheLog: The Log Info
2022-05-04 14:59:59,494 [INFO] TheLog: The Log Info
2022-05-04 15:04:58,509 [INFO] TheLog: The Log Info
2022-05-04 15:05:29,462 [INFO] TheLog: The Log Info
2022-05-04 15:07:10,640 [INFO] TheLog: The Log Info
2022-05-04 15:15:45,392 [INFO] TheLog: The Log Info
2022-05-04 15:15:45,418 [INFO] TheLog: The Log Info
2022-05-04 15:15:54,619 [INFO] TheLog: The Log Info
2022-05-04 15:15:54,630 [INFO] TheLog: The Log Info
2022-05-04 15:15:56,593 [INFO] TheLog: The Log Info
2022-05-04 15:16:05,275 [INFO] TheLog: The Log Info
2022-05-04 15:16:05,356 [INFO] TheLog: Registered_new_user_name: 123@gmail.com
2022-05-04 15:16:05,361 [INFO] TheLog: The Log Info
2022-05-04 15:16:05,369 [INFO] TheLog: The Log Info
2022-05-04 15:16:47,189 [INFO] TheLog: The Log Info
2022-05-04 15:16:49,853 [INFO] TheLog: The Log Info
2022-05-04 15:18:45,188 [INFO] TheLog: The Log Info
2022-05-04 15:24:09,442 [INFO] TheLog: The Log Info
2022-05-04 15:25:35,834 [INFO] TheLog: The Log Info
2022-05-04 15:25:36,833 [INFO] TheLog: The Log Info
2022-05-04 15:25:37,580 [INFO] TheLog: The Log Info
2022-05-04 15:25:37,964 [INFO] TheLog: The Log Info
2022-05-04 15:25:38,152 [INFO] TheLog: The Log Info
2022-05-04 15:25:38,361 [INFO] TheLog: The Log Info
2022-05-04 15:25:38,516 [INFO] TheLog: The Log Info
2022-05-04 15:25:49,299 [INFO] TheLog: The Log Info
2022-05-04 15:26:02,313 [INFO] TheLog: The Log Info
2022-05-04 15:26:02,791 [INFO] TheLog: The Log Info
2022-05-04 15:26:03,094 [INFO] TheLog: The Log Info
2022-05-04 15:26:03,281 [INFO] TheLog: The Log Info
2022-05-04 15:26:03,473 [INFO] TheLog: The Log Info
2022-05-04 15:26:03,660 [INFO] TheLog: The Log Info
2022-05-04 15:26:03,847 [INFO] TheLog: The Log Info
2022-05-04 15:26:04,044 [INFO] TheLog: The Log Info
2022-05-04 15:26:04,249 [INFO] TheLog: The Log Info
2022-05-04 15:26:04,462 [INFO] TheLog: The Log Info
2022-05-04 15:26:38,717 [INFO] TheLog: The Log Info
2022-05-04 15:26:39,306 [INFO] TheLog: The Log Info
2022-05-04 15:26:39,509 [INFO] TheLog: The Log Info
2022-05-04 15:26:39,674 [INFO] TheLog: The Log Info
2022-05-04 15:26:39,835 [INFO] TheLog: The Log Info
2022-05-04 15:26:39,994 [INFO] TheLog: The Log Info
2022-05-04 15:27:39,805 [INFO] TheLog: The Log Info
2022-05-04 15:28:02,182 [INFO] TheLog: The Log Info
2022-05-04 15:28:02,750 [INFO] TheLog: The Log Info
2022-05-04 15:28:03,303 [INFO] TheLog: The Log Info
2022-05-04 15:28:04,051 [INFO] TheLog: The Log Info
2022-05-04 15:28:04,493 [INFO] TheLog: The Log Info
2022-05-04 15:28:19,443 [INFO] TheLog: The Log Info
2022-05-04 15:28:20,591 [INFO] TheLog: The Log Info
2022-05-04 15:28:21,022 [INFO] TheLog: The Log Info
2022-05-04 15:29:03,946 [INFO] TheLog: The Log Info
2022-05-04 15:29:03,950 [INFO] TheLog: csv file uploaded
2022-05-04 15:30:58,655 [INFO] TheLog: The Log Info
2022-05-04 15:30:58,659 [INFO] TheLog: csv file uploaded
2022-05-04 15:31:08,905 [INFO] TheLog: The Log Info
2022-05-04 15:31:08,927 [INFO] TheLog: csv file uploaded
2022-05-04 15:31:23,226 [INFO] TheLog: The Log Info
2022-05-04 15:31:27,843 [INFO] TheLog: The Log Info
2022-05-04 15:31:30,079 [INFO] TheLog: The Log Info
2022-05-04 15:33:06,921 [INFO] TheLog: The Log Info
2022-05-04 15:33:08,494 [INFO] TheLog: The Log Info
2022-05-04 15:33:09,538 [INFO] TheLog: The Log Info
2022-05-04 15:33:10,130 [INFO] TheLog: The Log Info
2022-05-04 15:33:11,505 [INFO] TheLog: The Log Info
2022-05-04 15:33:12,165 [INFO] TheLog: The Log Info
2022-05-04 15:33:17,458 [INFO] TheLog: The Log Info
2022-05-04 15:33:17,465 [INFO] TheLog: csv file uploaded
2022-05-04 15:34:19,397 [INFO] TheLog: The Log Info
2022-05-04 15:34:20,409 [INFO] TheLog: The Log Info
2022-05-04 15:34:20,486 [INFO] TheLog: The Log Info
2022-05-04 15:34:21,442 [INFO] TheLog: The Log Info
2022-05-04 15:34:21,473 [INFO] TheLog: The Log Info
2022-05-04 15:34:22,220 [INFO] TheLog: The Log Info
2022-05-04 15:34:22,253 [INFO] TheLog: The Log Info
2022-05-04 15:34:22,536 [INFO] TheLog: The Log Info
2022-05-04 15:34:22,571 [INFO] TheLog: The Log Info
2022-05-04 15:34:22,911 [INFO] TheLog: The Log Info
2022-05-04 15:34:23,419 [INFO] TheLog: The Log Info
2022-05-04 15:34:24,001 [INFO] TheLog: The Log Info
2022-05-04 15:34:24,505 [INFO] TheLog: The Log Info
2022-05-04 15:34:25,381 [INFO] TheLog: The Log Info
2022-05-04 15:34:26,009 [INFO] TheLog: The Log Info
2022-05-04 15:35:03,336 [INFO] TheLog: The Log Info
2022-05-04 15:36:10,942 [INFO] TheLog: The Log Info
2022-05-04 15:36:11,487 [INFO] TheLog: The Log Info
2022-05-04 15:36:12,012 [INFO] TheLog: The Log Info
2022-05-04 15:36:49,761 [INFO] TheLog: The Log Info
2022-05-04 15:36:54,449 [INFO] TheLog: The Log Info
2022-05-04 15:37:31,901 [INFO] TheLog: The Log Info
2022-05-04 15:41:13,097 [INFO] TheLog: The Log Info
2022-05-04 15:41:14,949 [INFO] TheLog: The Log Info
2022-05-04 15:41:24,820 [INFO] TheLog: The Log Info
2022-05-04 15:41:24,905 [INFO] TheLog: Registered_new_user_name: 123@gmail.com
2022-05-04 15:41:24,910 [INFO] TheLog: The Log Info
2022-05-04 15:41:24,918 [INFO] TheLog: The Log Info
2022-05-04 15:41:27,766 [INFO] TheLog: The Log Info
2022-05-04 15:41:28,607 [INFO] TheLog: The Log Info
2022-05-04 15:41:29,041 [INFO] TheLog: The Log Info
2022-05-04 15:41:29,082 [INFO] TheLog: The Log Info
2022-05-04 15:41:29,535 [INFO] TheLog: The Log Info
2022-05-04 15:41:30,050 [INFO] TheLog: The Log Info
2022-05-04 15:41:30,726 [INFO] TheLog: The Log Info
2022-05-04 15:41:31,242 [INFO] TheLog: The Log Info
2022-05-04 15:41:31,853 [INFO] TheLog: The Log Info
2022-05-04 15:41:32,511 [INFO] TheLog: The Log Info
2022-05-04 15:42:19,137 [INFO] TheLog: The Log Info
2022-05-04 15:42:19,191 [INFO] TheLog: The Log Info
2022-05-04 15:42:21,748 [INFO] TheLog: The Log Info
2022-05-04 15:42:22,331 [INFO] TheLog: The Log Info
2022-05-04 15:42:23,441 [INFO] TheLog: The Log Info
2022-05-04 15:43:13,097 [INFO] TheLog: The Log Info
2022-05-04 15:43:55,252 [INFO] TheLog: The Log Info
2022-05-04 15:43:55,592 [INFO] TheLog: The Log Info
2022-05-04 15:43:56,422 [INFO] TheLog: The Log Info
2022-05-04 15:43:56,962 [INFO] TheLog: The Log Info
2022-05-04 15:44:03,834 [INFO] TheLog: The Log Info
2022-05-04 15:44:03,839 [INFO] TheLog: csv file uploaded
2022-05-04 15:46:39,449 [INFO] TheLog: The Log Info
2022-05-04 15:46:39,468 [INFO] TheLog: csv file uploaded
2022-05-04 15:49:12,140 [INFO] TheLog: The Log Info
2022-05-04 15:49:12,239 [INFO] TheLog: The Log Info
2022-05-04 15:49:12,240 [INFO] TheLog: The Log Info
2022-05-04 15:49:12,317 [INFO] TheLog: The Log Info
2022-05-04 15:49:12,407 [INFO] TheLog: The Log Info
2022-05-04 15:49:12,505 [INFO] TheLog: The Log Info
2022-05-04 15:49:12,612 [INFO] TheLog: The Log Info
2022-05-04 15:49:12,719 [INFO] TheLog: The Log Info
2022-05-04 15:49:12,821 [INFO] TheLog: The Log Info
2022-05-04 15:49:12,916 [INFO] TheLog: The Log Info
2022-05-04 15:49:13,013 [INFO] TheLog: The Log Info
2022-05-04 15:49:13,106 [INFO] TheLog: The Log Info
2022-05-04 15:49:13,201 [INFO] TheLog: The Log Info
2022-05-04 15:49:53,851 [INFO] TheLog: The Log Info
2022-05-04 15:49:54,569 [INFO] TheLog: The Log Info
2022-05-04 15:49:57,487 [INFO] TheLog: The Log Info
2022-05-04 15:49:57,493 [INFO] TheLog: csv file uploaded
2022-05-04 15:51:02,941 [INFO] TheLog: The Log Info
2022-05-04 15:51:04,826 [INFO] TheLog: The Log Info
2022-05-04 15:51:05,363 [INFO] TheLog: The Log Info
2022-05-04 15:51:06,495 [INFO] TheLog: The Log Info
2022-05-04 15:51:07,061 [INFO] TheLog: The Log Info
2022-05-04 15:51:07,605 [INFO] TheLog: The Log Info
2022-05-04 15:51:07,994 [INFO] TheLog: The Log Info
2022-05-04 15:51:08,392 [INFO] TheLog: The Log Info
2022-05-04 15:51:08,783 [INFO] TheLog: The Log Info
2022-05-04 15:51:08,824 [INFO] TheLog: The Log Info
2022-05-04 15:51:09,241 [INFO] TheLog: The Log Info
2022-05-04 15:51:09,717 [INFO] TheLog: The Log Info
2022-05-04 15:51:10,217 [INFO] TheLog: The Log Info
2022-05-04 15:51:10,253 [INFO] TheLog: The Log Info
2022-05-04 15:51:10,649 [INFO] TheLog: The Log Info
2022-05-04 15:51:11,094 [INFO] TheLog: The Log Info
2022-05-04 15:51:11,493 [INFO] TheLog: The Log Info
2022-05-04 15:51:14,141 [INFO] TheLog: The Log Info
2022-05-04 15:51:14,147 [INFO] TheLog: csv file uploaded
2022-05-04 15:52:20,486 [INFO] TheLog: The Log Info
2022-05-04 15:52:20,491 [INFO] TheLog: csv file uploaded
2022-05-04 15:52:38,501 [INFO] TheLog: The Log Info
2022-05-04 15:52:38,507 [INFO] TheLog: csv file uploaded
2022-05-04 15:52:40,944 [INFO] TheLog: The Log Info
2022-05-04 15:52:40,949 [INFO] TheLog: csv file uploaded
2022-05-04 15:52:54,608 [INFO] TheLog: The Log Info
2022-05-04 15:52:54,629 [INFO] TheLog: csv file uploaded
2022-05-04 15:53:05,535 [INFO] TheLog: The Log Info
2022-05-04 15:53:05,554 [INFO] TheLog: csv file uploaded
2022-05-04 15:53:10,451 [INFO] TheLog: The Log Info
2022-05-04 15:53:10,470 [INFO] TheLog: csv file uploaded
2022-05-04 15:54:08,037 [INFO] TheLog: The Log Info
2022-05-04 15:54:08,776 [INFO] TheLog: The Log Info
2022-05-04 15:54:11,366 [INFO] TheLog: The Log Info
2022-05-04 15:54:11,370 [INFO] TheLog: csv file uploaded
2022-05-04 15:54:55,485 [INFO] TheLog: The Log Info
2022-05-04 15:54:55,506 [INFO] TheLog: csv file uploaded
2022-05-04 15:54:55,515 [INFO] TheLog: The Log Info
2022-05-04 15:54:57,226 [INFO] TheLog: The Log Info
2022-05-04 15:54:57,641 [INFO] TheLog: The Log Info
2022-05-04 15:54:58,260 [INFO] TheLog: The Log Info
2022-05-04 15:54:58,761 [INFO] TheLog: The Log Info
2022-05-04 15:55:00,525 [INFO] TheLog: The Log Info
2022-05-04 15:55:03,374 [INFO] TheLog: The Log Info
2022-05-04 15:55:03,379 [INFO] TheLog: csv file uploaded
2022-05-04 15:55:03,388 [INFO] TheLog: The Log Info
2022-05-04 15:59:34,098 [INFO] TheLog: The Log Info
2022-05-04 15:59:36,361 [INFO] TheLog: The Log Info
2022-05-04 15:59:36,777 [INFO] TheLog: The Log Info
2022-05-04 15:59:36,822 [INFO] TheLog: The Log Info
2022-05-04 15:59:37,199 [INFO] TheLog: The Log Info
2022-05-04 15:59:37,578 [INFO] TheLog: The Log Info
2022-05-04 15:59:39,687 [INFO] TheLog: The Log Info
2022-05-04 15:59:40,301 [INFO] TheLog: The Log Info
2022-05-04 15:59:40,822 [INFO] TheLog: The Log Info
2022-05-04 15:59:41,365 [INFO] TheLog: The Log Info
2022-05-04 15:59:41,398 [INFO] TheLog: The Log Info
2022-05-04 15:59:42,045 [INFO] TheLog: The Log Info
2022-05-04 15:59:43,789 [INFO] TheLog: The Log Info
2022-05-04 16:01:07,759 [INFO] TheLog: The Log Info
2022-05-04 16:01:11,209 [INFO] TheLog: The Log Info
2022-05-04 16:01:12,020 [INFO] TheLog: The Log Info
2022-05-04 16:01:16,706 [INFO] TheLog: The Log Info
2022-05-04 16:01:16,711 [INFO] TheLog: csv file uploaded
2022-05-04 16:01:21,643 [INFO] TheLog: The Log Info
2022-05-04 16:01:21,647 [INFO] TheLog: csv file uploaded
2022-05-04 16:01:32,559 [INFO] TheLog: The Log Info
2022-05-04 16:01:32,563 [INFO] TheLog: csv file uploaded
2022-05-04 16:01:53,642 [INFO] TheLog: The Log Info
2022-05-04 16:01:53,646 [INFO] TheLog: csv file uploaded
2022-05-04 16:01:53,655 [INFO] TheLog: The Log Info
2022-05-04 16:01:54,828 [INFO] TheLog: The Log Info
2022-05-04 16:01:55,174 [INFO] TheLog: The Log Info
2022-05-04 16:01:55,538 [INFO] TheLog: The Log Info
2022-05-04 16:01:55,922 [INFO] TheLog: The Log Info
2022-05-04 16:01:56,423 [INFO] TheLog: The Log Info
2022-05-04 16:01:57,067 [INFO] TheLog: The Log Info
2022-05-04 16:05:43,563 [INFO] TheLog: The Log Info
2022-05-04 16:05:52,194 [INFO] TheLog: The Log Info
2022-05-04 16:06:11,447 [INFO] TheLog: The Log Info
2022-05-04 16:06:19,999 [INFO] TheLog: The Log Info
2022-05-04 16:06:38,509 [INFO] TheLog: The Log Info
2022-05-04 16:06:40,013 [INFO] TheLog: The Log Info
2022-05-04 16:06:40,448 [INFO] TheLog: The Log Info
2022-05-04 16:06:42,818 [INFO] TheLog: The Log Info
2022-05-04 16:06:42,823 [INFO] TheLog: csv file uploaded
2022-05-04 16:06:42,831 [INFO] TheLog: The Log Info
2022-05-04 16:06:43,917 [INFO] TheLog: The Log Info
2022-05-04 16:06:46,384 [INFO] TheLog: The Log Info
2022-05-04 16:06:46,389 [INFO] TheLog: csv file uploaded
2022-05-04 16:06:50,829 [INFO] TheLog: The Log Info
2022-05-04 16:06:50,834 [INFO] TheLog: csv file uploaded
2022-05-04 16:06:52,206 [INFO] TheLog: The Log Info
2022-05-04 16:06:55,489 [INFO] TheLog: The Log Info
2022-05-04 16:06:55,493 [INFO] TheLog: csv file uploaded
2022-05-04 16:06:59,884 [INFO] TheLog: The Log Info
2022-05-04 16:06:59,889 [INFO] TheLog: csv file uploaded
2022-05-04 16:06:59,897 [INFO] TheLog: The Log Info
2022-05-04 16:07:25,302 [INFO] TheLog: The Log Info
2022-05-04 16:07:26,064 [INFO] TheLog: The Log Info
2022-05-04 16:07:28,534 [INFO] TheLog: The Log Info
2022-05-04 16:07:28,539 [INFO] TheLog: csv file uploaded
2022-05-04 16:07:28,548 [INFO] TheLog: The Log Info
2022-05-04 16:10:43,116 [INFO] TheLog: The Log Info
2022-05-04 16:10:43,651 [INFO] TheLog: The Log Info
2022-05-04 16:10:46,265 [INFO] TheLog: The Log Info
2022-05-04 16:10:46,270 [INFO] TheLog: csv file uploaded
2022-05-04 16:10:46,290 [INFO] TheLog: The Log Info
2022-05-04 16:10:47,380 [INFO] TheLog: The Log Info
2022-05-04 16:10:51,004 [INFO] TheLog: The Log Info
2022-05-04 16:10:53,369 [INFO] TheLog: The Log Info
2022-05-04 16:10:54,147 [INFO] TheLog: The Log Info
2022-05-04 16:12:06,611 [INFO] TheLog: The Log Info
2022-05-04 16:12:09,284 [INFO] TheLog: The Log Info
2022-05-04 16:12:09,290 [INFO] TheLog: csv file uploaded
2022-05-04 16:12:09,307 [INFO] TheLog: The Log Info
2022-05-04 16:13:25,007 [INFO] TheLog: The Log Info
2022-05-04 16:13:30,844 [INFO] TheLog: The Log Info
2022-05-04 16:13:30,849 [INFO] TheLog: csv file uploaded
2022-05-04 16:13:37,008 [INFO] TheLog: The Log Info
2022-05-04 16:13:37,584 [INFO] TheLog: The Log Info
2022-05-04 16:13:40,214 [INFO] TheLog: The Log Info
2022-05-04 16:13:40,218 [INFO] TheLog: csv file uploaded
2022-05-04 16:13:40,238 [INFO] TheLog: The Log Info
2022-05-04 16:19:23,208 [INFO] TheLog: The Log Info
2022-05-04 16:19:23,825 [INFO] TheLog: The Log Info
2022-05-04 16:19:26,703 [INFO] TheLog: The Log Info
2022-05-04 16:19:26,708 [INFO] TheLog: csv file uploaded
2022-05-04 16:19:26,743 [INFO] TheLog: The Log Info
2022-05-04 16:21:06,470 [INFO] TheLog: The Log Info
2022-05-04 16:22:09,088 [INFO] TheLog: The Log Info
2022-05-04 16:22:09,185 [INFO] TheLog: The Log Info
2022-05-04 16:22:09,187 [INFO] TheLog: The Log Info
2022-05-04 16:22:09,262 [INFO] TheLog: The Log Info
2022-05-04 16:22:09,357 [INFO] TheLog: The Log Info
2022-05-04 16:22:09,454 [INFO] TheLog: The Log Info
2022-05-04 16:22:09,549 [INFO] TheLog: The Log Info
2022-05-04 16:22:09,644 [INFO] TheLog: The Log Info
2022-05-04 16:22:09,737 [INFO] TheLog: The Log Info
2022-05-04 16:22:09,831 [INFO] TheLog: The Log Info
2022-05-04 16:22:09,924 [INFO] TheLog: The Log Info
2022-05-04 16:22:10,019 [INFO] TheLog: The Log Info
2022-05-04 16:22:10,111 [INFO] TheLog: The Log Info
2022-05-04 16:24:40,435 [INFO] TheLog: The Log Info
2022-05-04 16:34:12,858 [INFO] TheLog: The Log Info
2022-05-04 16:34:13,716 [INFO] TheLog: The Log Info
2022-05-04 16:34:15,593 [INFO] TheLog: The Log Info
2022-05-04 16:34:17,581 [INFO] TheLog: The Log Info
2022-05-04 16:34:20,480 [INFO] TheLog: The Log Info
2022-05-04 16:36:03,216 [INFO] TheLog: The Log Info
2022-05-04 16:36:06,238 [INFO] TheLog: The Log Info
2022-05-04 16:36:07,021 [INFO] TheLog: The Log Info
2022-05-04 16:36:07,573 [INFO] TheLog: The Log Info
2022-05-04 16:36:08,034 [INFO] TheLog: The Log Info
2022-05-04 16:36:08,930 [INFO] TheLog: The Log Info
2022-05-04 16:36:08,970 [INFO] TheLog: The Log Info
2022-05-04 16:36:09,524 [INFO] TheLog: The Log Info
2022-05-04 16:36:10,129 [INFO] TheLog: The Log Info
2022-05-04 16:36:10,428 [INFO] TheLog: The Log Info
2022-05-04 16:36:10,888 [INFO] TheLog: The Log Info
2022-05-04 16:36:10,927 [INFO] TheLog: The Log Info
2022-05-04 16:36:11,607 [INFO] TheLog: The Log Info
2022-05-04 16:36:12,107 [INFO] TheLog: The Log Info
2022-05-04 16:36:12,542 [INFO] TheLog: The Log Info
2022-05-04 16:36:13,436 [INFO] TheLog: The Log Info
2022-05-04 16:36:16,306 [INFO] TheLog: The Log Info
2022-05-04 17:12:58,734 [INFO] TheLog: The Log Info
2022-05-04 17:12:59,431 [INFO] TheLog: The Log Info
2022-05-04 17:13:37,666 [INFO] TheLog: The Log Info
2022-05-04 17:13:42,775 [INFO] TheLog: The Log Info
2022-05-04 17:13:42,800 [INFO] TheLog: The Log Info
2022-05-04 17:13:43,617 [INFO] TheLog: The Log Info
2022-05-04 17:13:43,923 [INFO] TheLog: The Log Info
2022-05-04 17:13:44,838 [INFO] TheLog: The Log Info
2022-05-04 17:13:45,732 [INFO] TheLog: The Log Info
2022-05-04 17:13:47,069 [INFO] TheLog: The Log Info
2022-05-04 17:50:11,073 [INFO] TheLog: The Log Info
2022-05-04 17:50:13,832 [INFO] TheLog: The Log Info
2022-05-04 17:50:15,118 [INFO] TheLog: The Log Info
2022-05-04 17:50:34,783 [INFO] TheLog: The Log Info
2022-05-04 17:50:41,751 [INFO] TheLog: The Log Info
2022-05-04 17:50:53,213 [INFO] TheLog: The Log Info
2022-05-04 17:50:53,242 [INFO] TheLog: The Log Info
2022-05-04 17:50:55,691 [INFO] TheLog: The Log Info
2022-05-04 17:55:17,704 [INFO] TheLog: The Log Info
2022-05-04 18:03:03,294 [INFO] TheLog: The Log Info
2022-05-04 18:03:05,127 [INFO] TheLog: The Log Info
2022-05-04 18:03:06,212 [INFO] TheLog: The Log Info
2022-05-04 18:03:07,223 [INFO] TheLog: The Log Info
2022-05-04 18:03:08,378 [INFO] TheLog: The Log Info
2022-05-04 18:03:09,051 [INFO] TheLog: The Log Info
2022-05-04 18:03:09,968 [INFO] TheLog: The Log Info
2022-05-04 18:03:11,191 [INFO] TheLog: The Log Info
2022-05-04 18:03:12,162 [INFO] TheLog: The Log Info
2022-05-04 18:03:23,835 [INFO] TheLog: The Log Info
2022-05-04 18:03:25,978 [INFO] TheLog: The Log Info
2022-05-04 18:03:27,222 [INFO] TheLog: The Log Info
2022-05-04 18:03:28,061 [INFO] TheLog: The Log Info
2022-05-04 18:03:29,110 [INFO] TheLog: The Log Info
2022-05-04 18:03:30,846 [INFO] TheLog: The Log Info
2022-05-04 18:03:30,890 [INFO] TheLog: The Log Info
2022-05-04 18:03:31,715 [INFO] TheLog: The Log Info
2022-05-04 18:03:32,572 [INFO] TheLog: The Log Info
2022-05-04 18:03:33,465 [INFO] TheLog: The Log Info
2022-05-04 18:04:38,006 [INFO] TheLog: The Log Info
2022-05-04 18:04:45,490 [INFO] TheLog: The Log Info
2022-05-04 18:04:46,827 [INFO] TheLog: The Log Info
2022-05-04 18:04:48,383 [INFO] TheLog: The Log Info
2022-05-04 18:04:49,056 [INFO] TheLog: The Log Info
2022-05-04 18:04:49,698 [INFO] TheLog: The Log Info
2022-05-04 18:09:01,628 [INFO] TheLog: The Log Info
2022-05-04 18:09:02,380 [INFO] TheLog: The Log Info
2022-05-04 18:09:10,551 [INFO] TheLog: The Log Info
2022-05-04 18:09:12,545 [INFO] TheLog: The Log Info
2022-05-04 18:09:13,389 [INFO] TheLog: The Log Info
2022-05-04 18:09:42,082 [INFO] TheLog: The Log Info
2022-05-04 18:10:07,562 [INFO] TheLog: The Log Info
2022-05-04 18:14:05,903 [INFO] TheLog: The Log Info
2022-05-04 18:14:08,004 [INFO] TheLog: The Log Info
2022-05-04 18:14:20,683 [INFO] TheLog: The Log Info
2022-05-04 18:24:59,232 [INFO] TheLog: The Log Info
2022-05-04 18:35:30,591 [INFO] TheLog: The Log Info
2022-05-04 18:35:30,611 [INFO] TheLog: The Log Info
2022-05-04 18:35:42,204 [INFO] TheLog: The Log Info
2022-05-04 18:36:11,217 [INFO] TheLog: The Log Info
2022-05-04 18:36:13,718 [INFO] TheLog: The Log Info
2022-05-04 18:36:29,613 [INFO] TheLog: The Log Info
2022-05-04 18:36:29,700 [INFO] TheLog: Registered_new_user_name: 123@gmail.com
2022-05-04 18:36:29,706 [INFO] TheLog: The Log Info
2022-05-04 18:36:29,717 [INFO] TheLog: The Log Info
2022-05-04 18:36:31,818 [INFO] TheLog: The Log Info
2022-05-04 18:36:32,619 [INFO] TheLog: The Log Info
2022-05-04 18:36:34,374 [INFO] TheLog: The Log Info
2022-05-04 18:36:41,123 [INFO] TheLog: The Log Info
2022-05-04 18:36:52,685 [INFO] TheLog: The Log Info
2022-05-04 18:36:52,714 [INFO] TheLog: The Log Info
2022-05-04 18:36:54,789 [INFO] TheLog: The Log Info
2022-05-04 18:36:55,804 [INFO] TheLog: The Log Info
2022-05-04 18:37:00,977 [INFO] TheLog: The Log Info
2022-05-04 18:37:02,154 [INFO] TheLog: The Log Info
2022-05-04 18:40:47,061 [INFO] TheLog: The Log Info
2022-05-04 18:46:43,398 [INFO] TheLog: The Log Info
2022-05-04 18:46:43,497 [INFO] TheLog: The Log Info
2022-05-04 18:46:43,498 [INFO] TheLog: The Log Info
2022-05-04 18:46:43,575 [INFO] TheLog: The Log Info
2022-05-04 18:46:43,658 [INFO] TheLog: The Log Info
2022-05-04 18:46:43,752 [INFO] TheLog: The Log Info
2022-05-04 18:46:43,845 [INFO] TheLog: The Log Info
2022-05-04 18:46:43,937 [INFO] TheLog: The Log Info
2022-05-04 18:46:44,029 [INFO] TheLog: The Log Info
2022-05-04 18:46:44,124 [INFO] TheLog: The Log Info
2022-05-04 18:46:44,231 [INFO] TheLog: The Log Info
2022-05-04 18:46:44,327 [INFO] TheLog: The Log Info
2022-05-04 18:46:44,424 [INFO] TheLog: The Log Info
2022-05-04 18:46:48,412 [INFO] TheLog: The Log Info
2022-05-04 18:46:48,510 [INFO] TheLog: The Log Info
2022-05-04 18:46:48,512 [INFO] TheLog: The Log Info
2022-05-04 18:46:48,591 [INFO] TheLog: The Log Info
2022-05-04 18:46:48,689 [INFO] TheLog: The Log Info
2022-05-04 18:46:48,785 [INFO] TheLog: The Log Info
2022-05-04 18:46:48,881 [INFO] TheLog: The Log Info
2022-05-04 18:46:48,975 [INFO] TheLog: The Log Info
2022-05-04 18:46:49,071 [INFO] TheLog: The Log Info
2022-05-04 18:46:49,165 [INFO] TheLog: The Log Info
2022-05-04 18:46:49,259 [INFO] TheLog: The Log Info
2022-05-04 18:46:49,354 [INFO] TheLog: The Log Info
2022-05-04 18:46:49,450 [INFO] TheLog: The Log Info
2022-05-04 18:47:13,038 [INFO] TheLog: The Log Info
2022-05-04 18:47:13,134 [INFO] TheLog: The Log Info
2022-05-04 18:47:13,136 [INFO] TheLog: The Log Info
2022-05-04 18:47:13,214 [INFO] TheLog: The Log Info
2022-05-04 18:47:13,308 [INFO] TheLog: The Log Info
2022-05-04 18:47:13,405 [INFO] TheLog: The Log Info
2022-05-04 18:47:13,504 [INFO] TheLog: The Log Info
2022-05-04 18:47:13,601 [INFO] TheLog: The Log Info
2022-05-04 18:47:13,696 [INFO] TheLog: The Log Info
2022-05-04 18:47:13,791 [INFO] TheLog: The Log Info
2022-05-04 18:47:13,887 [INFO] TheLog: The Log Info
2022-05-04 18:47:13,981 [INFO] TheLog: The Log Info
2022-05-04 18:47:14,075 [INFO] TheLog: The Log Info
2022-05-04 19:38:42,451 [INFO] TheLog: The Log Info
2022-05-04 19:38:43,022 [INFO] TheLog: The Log Info
2022-05-04 19:38:43,372 [INFO] TheLog: The Log Info
2022-05-05 05:35:05,341 [INFO] TheLog: The Log Info
2022-05-06 03:50:54,903 [INFO] TheLog: The Log Info
2022-05-06 03:50:55,009 [INFO] TheLog: The Log Info
2022-05-06 03:50:55,011 [INFO] TheLog: The Log Info
2022-05-06 03:50:55,091 [INFO] TheLog: The Log Info
2022-05-06 03:50:55,123 [INFO] TheLog: The Log Info
2022-05-06 03:50:55,232 [INFO] TheLog: The Log Info
2022-05-06 03:50:55,331 [INFO] TheLog: The Log Info
2022-05-06 03:50:55,425 [INFO] TheLog: The Log Info
2022-05-06 03:50:55,577 [INFO] TheLog: The Log Info
2022-05-06 03:50:55,671 [INFO] TheLog: The Log Info
2022-05-06 03:50:55,764 [INFO] TheLog: The Log Info
2022-05-06 03:50:55,857 [INFO] TheLog: The Log Info
2022-05-06 03:50:55,951 [INFO] TheLog: The Log Info
2022-05-06 03:50:56,044 [INFO] TheLog: The Log Info
2022-05-06 03:50:56,141 [INFO] TheLog: The Log Info
2022-05-06 03:50:56,238 [INFO] TheLog: The Log Info
2022-05-06 03:50:56,332 [INFO] TheLog: The Log Info
2022-05-06 03:52:32,902 [INFO] TheLog: The Log Info
2022-05-06 03:52:32,994 [INFO] TheLog: The Log Info
2022-05-06 03:52:32,995 [INFO] TheLog: The Log Info
2022-05-06 03:52:33,071 [INFO] TheLog: The Log Info
2022-05-06 03:52:33,095 [INFO] TheLog: The Log Info
2022-05-06 03:52:33,195 [INFO] TheLog: The Log Info
2022-05-06 03:52:33,289 [INFO] TheLog: The Log Info
2022-05-06 03:52:33,382 [INFO] TheLog: The Log Info
2022-05-06 03:52:33,537 [INFO] TheLog: The Log Info
2022-05-06 03:52:33,629 [INFO] TheLog: The Log Info
2022-05-06 03:52:33,722 [INFO] TheLog: The Log Info
2022-05-06 03:52:33,967 [INFO] TheLog: The Log Info
2022-05-06 03:52:34,060 [INFO] TheLog: The Log Info
2022-05-06 03:52:34,151 [INFO] TheLog: The Log Info
2022-05-06 03:52:34,241 [INFO] TheLog: The Log Info
2022-05-06 03:52:34,333 [INFO] TheLog: The Log Info
2022-05-06 03:52:34,428 [INFO] TheLog: The Log Info
2022-05-06 03:53:22,827 [INFO] TheLog: The Log Info
2022-05-06 03:53:22,927 [INFO] TheLog: The Log Info
2022-05-06 03:53:22,928 [INFO] TheLog: The Log Info
2022-05-06 03:53:23,003 [INFO] TheLog: The Log Info
2022-05-06 03:53:23,028 [INFO] TheLog: The Log Info
2022-05-06 03:53:23,129 [INFO] TheLog: The Log Info
2022-05-06 03:53:23,223 [INFO] TheLog: The Log Info
2022-05-06 03:53:23,315 [INFO] TheLog: The Log Info
2022-05-06 03:53:23,469 [INFO] TheLog: The Log Info
2022-05-06 03:53:23,562 [INFO] TheLog: The Log Info
2022-05-06 03:53:23,653 [INFO] TheLog: The Log Info
2022-05-06 03:53:23,869 [INFO] TheLog: The Log Info
2022-05-06 03:53:23,970 [INFO] TheLog: The Log Info
2022-05-06 03:53:24,069 [INFO] TheLog: The Log Info
2022-05-06 03:53:24,160 [INFO] TheLog: The Log Info
2022-05-06 03:53:24,254 [INFO] TheLog: The Log Info
2022-05-06 03:53:24,346 [INFO] TheLog: The Log Info
2022-05-06 03:53:45,003 [INFO] TheLog: The Log Info
2022-05-06 03:53:45,100 [INFO] TheLog: The Log Info
2022-05-06 03:53:45,101 [INFO] TheLog: The Log Info
2022-05-06 03:53:45,176 [INFO] TheLog: The Log Info
2022-05-06 03:53:45,203 [INFO] TheLog: The Log Info
2022-05-06 03:53:45,304 [INFO] TheLog: The Log Info
2022-05-06 03:53:45,399 [INFO] TheLog: The Log Info
2022-05-06 03:53:45,493 [INFO] TheLog: The Log Info
2022-05-06 03:53:45,649 [INFO] TheLog: The Log Info
2022-05-06 03:53:45,746 [INFO] TheLog: The Log Info
2022-05-06 03:53:45,839 [INFO] TheLog: The Log Info
2022-05-06 03:53:46,052 [INFO] TheLog: The Log Info
2022-05-06 03:53:46,145 [INFO] TheLog: The Log Info
2022-05-06 03:53:46,238 [INFO] TheLog: The Log Info
2022-05-06 03:53:46,334 [INFO] TheLog: The Log Info
2022-05-06 03:53:46,426 [INFO] TheLog: The Log Info
2022-05-06 03:53:46,522 [INFO] TheLog: The Log Info
2022-05-06 03:54:33,742 [INFO] TheLog: The Log Info
2022-05-06 03:54:33,837 [INFO] TheLog: The Log Info
2022-05-06 03:54:33,839 [INFO] TheLog: The Log Info
2022-05-06 03:54:33,915 [INFO] TheLog: The Log Info
2022-05-06 03:54:33,940 [INFO] TheLog: The Log Info
2022-05-06 03:54:34,040 [INFO] TheLog: The Log Info
2022-05-06 03:54:34,136 [INFO] TheLog: The Log Info
2022-05-06 03:54:34,229 [INFO] TheLog: The Log Info
2022-05-06 03:54:34,384 [INFO] TheLog: The Log Info
2022-05-06 03:54:34,479 [INFO] TheLog: The Log Info
2022-05-06 03:54:34,574 [INFO] TheLog: The Log Info
2022-05-06 03:54:34,779 [INFO] TheLog: The Log Info
2022-05-06 03:54:34,871 [INFO] TheLog: The Log Info
2022-05-06 03:54:34,964 [INFO] TheLog: The Log Info
2022-05-06 03:54:35,057 [INFO] TheLog: The Log Info
2022-05-06 03:54:35,151 [INFO] TheLog: The Log Info
2022-05-06 03:54:35,243 [INFO] TheLog: The Log Info
2022-05-06 03:54:43,690 [INFO] TheLog: The Log Info
2022-05-06 03:54:46,206 [INFO] TheLog: The Log Info
2022-05-06 03:54:47,810 [INFO] TheLog: The Log Info
2022-05-06 03:54:48,150 [INFO] TheLog: The Log Info
2022-05-06 03:54:48,231 [INFO] TheLog: The Log Info
2022-05-06 04:01:46,605 [INFO] TheLog: The Log Info
2022-05-06 04:01:46,700 [INFO] TheLog: The Log Info
2022-05-06 04:01:46,702 [INFO] TheLog: The Log Info
2022-05-06 04:01:46,780 [INFO] TheLog: The Log Info
2022-05-06 04:01:46,806 [INFO] TheLog: The Log Info
2022-05-06 04:01:46,907 [INFO] TheLog: The Log Info
2022-05-06 04:01:47,001 [INFO] TheLog: The Log Info
2022-05-06 04:01:47,090 [INFO] TheLog: The Log Info
2022-05-06 04:01:47,242 [INFO] TheLog: The Log Info
2022-05-06 04:01:47,333 [INFO] TheLog: The Log Info
2022-05-06 04:01:47,425 [INFO] TheLog: The Log Info
2022-05-06 04:01:47,641 [INFO] TheLog: The Log Info
2022-05-06 04:01:47,736 [INFO] TheLog: The Log Info
2022-05-06 04:01:47,826 [INFO] TheLog: The Log Info
2022-05-06 04:01:47,921 [INFO] TheLog: The Log Info
2022-05-06 04:01:48,012 [INFO] TheLog: The Log Info
2022-05-06 04:01:48,102 [INFO] TheLog: The Log Info
2022-05-06 04:02:21,456 [INFO] TheLog: The Log Info
2022-05-06 04:02:21,551 [INFO] TheLog: The Log Info
2022-05-06 04:02:21,552 [INFO] TheLog: The Log Info
2022-05-06 04:02:21,628 [INFO] TheLog: The Log Info
2022-05-06 04:02:21,653 [INFO] TheLog: The Log Info
2022-05-06 04:02:21,758 [INFO] TheLog: The Log Info
2022-05-06 04:02:21,856 [INFO] TheLog: The Log Info
2022-05-06 04:02:21,950 [INFO] TheLog: The Log Info
2022-05-06 04:02:22,105 [INFO] TheLog: The Log Info
2022-05-06 04:02:22,198 [INFO] TheLog: The Log Info
2022-05-06 04:02:22,288 [INFO] TheLog: The Log Info
2022-05-06 04:02:22,507 [INFO] TheLog: The Log Info
2022-05-06 04:02:22,599 [INFO] TheLog: The Log Info
2022-05-06 04:02:22,692 [INFO] TheLog: The Log Info
2022-05-06 04:02:22,785 [INFO] TheLog: The Log Info
2022-05-06 04:02:22,879 [INFO] TheLog: The Log Info
2022-05-06 04:02:22,973 [INFO] TheLog: The Log Info
2022-05-06 04:02:57,480 [INFO] TheLog: The Log Info
2022-05-06 04:02:57,574 [INFO] TheLog: The Log Info
2022-05-06 04:02:57,576 [INFO] TheLog: The Log Info
2022-05-06 04:02:57,651 [INFO] TheLog: The Log Info
2022-05-06 04:02:57,677 [INFO] TheLog: The Log Info
2022-05-06 04:02:57,781 [INFO] TheLog: The Log Info
2022-05-06 04:02:57,883 [INFO] TheLog: The Log Info
2022-05-06 04:02:57,978 [INFO] TheLog: The Log Info
2022-05-06 04:02:58,134 [INFO] TheLog: The Log Info
2022-05-06 04:02:58,227 [INFO] TheLog: The Log Info
2022-05-06 04:02:58,321 [INFO] TheLog: The Log Info
2022-05-06 04:02:58,561 [INFO] TheLog: The Log Info
2022-05-06 04:02:58,655 [INFO] TheLog: The Log Info
2022-05-06 04:02:58,748 [INFO] TheLog: The Log Info
2022-05-06 04:02:58,841 [INFO] TheLog: The Log Info
2022-05-06 04:02:58,937 [INFO] TheLog: The Log Info
2022-05-06 04:02:59,029 [INFO] TheLog: The Log Info
2022-05-06 04:06:23,093 [INFO] TheLog: The Log Info
2022-05-06 04:06:23,192 [INFO] TheLog: The Log Info
2022-05-06 04:06:23,194 [INFO] TheLog: The Log Info
2022-05-06 04:06:23,270 [INFO] TheLog: The Log Info
2022-05-06 04:06:23,302 [INFO] TheLog: The Log Info
2022-05-06 04:06:23,404 [INFO] TheLog: The Log Info
2022-05-06 04:06:23,504 [INFO] TheLog: The Log Info
2022-05-06 04:06:23,602 [INFO] TheLog: The Log Info
2022-05-06 04:06:23,758 [INFO] TheLog: The Log Info
2022-05-06 04:06:23,852 [INFO] TheLog: The Log Info
2022-05-06 04:06:23,944 [INFO] TheLog: The Log Info
2022-05-06 04:06:24,159 [INFO] TheLog: The Log Info
2022-05-06 04:06:24,253 [INFO] TheLog: The Log Info
2022-05-06 04:06:24,345 [INFO] TheLog: The Log Info
2022-05-06 04:06:24,439 [INFO] TheLog: The Log Info
2022-05-06 04:06:24,531 [INFO] TheLog: The Log Info
2022-05-06 04:06:24,624 [INFO] TheLog: The Log Info
2022-05-06 04:18:51,940 [INFO] TheLog: The Log Info
2022-05-06 04:18:52,040 [INFO] TheLog: The Log Info
2022-05-06 04:18:52,042 [INFO] TheLog: The Log Info
2022-05-06 04:18:52,117 [INFO] TheLog: The Log Info
2022-05-06 04:18:52,143 [INFO] TheLog: The Log Info
2022-05-06 04:18:52,246 [INFO] TheLog: The Log Info
2022-05-06 04:18:52,343 [INFO] TheLog: The Log Info
2022-05-06 04:18:52,436 [INFO] TheLog: The Log Info
2022-05-06 04:18:52,596 [INFO] TheLog: The Log Info
2022-05-06 04:18:52,693 [INFO] TheLog: The Log Info
2022-05-06 04:18:52,786 [INFO] TheLog: The Log Info
2022-05-06 04:18:53,007 [INFO] TheLog: The Log Info
2022-05-06 04:18:53,105 [INFO] TheLog: The Log Info
2022-05-06 04:18:53,196 [INFO] TheLog: The Log Info
2022-05-06 04:18:53,290 [INFO] TheLog: The Log Info
2022-05-06 04:18:53,384 [INFO] TheLog: The Log Info
2022-05-06 04:18:53,478 [INFO] TheLog: The Log Info
2022-05-06 04:19:03,925 [INFO] TheLog: The Log Info
2022-05-06 04:19:04,024 [INFO] TheLog: The Log Info
2022-05-06 04:19:04,026 [INFO] TheLog: The Log Info
2022-05-06 04:19:04,100 [INFO] TheLog: The Log Info
2022-05-06 04:19:04,125 [INFO] TheLog: The Log Info
2022-05-06 04:19:04,225 [INFO] TheLog: The Log Info
2022-05-06 04:19:04,321 [INFO] TheLog: The Log Info
2022-05-06 04:19:04,418 [INFO] TheLog: The Log Info
2022-05-06 04:19:04,576 [INFO] TheLog: The Log Info
2022-05-06 04:19:04,671 [INFO] TheLog: The Log Info
2022-05-06 04:19:04,765 [INFO] TheLog: The Log Info
2022-05-06 04:19:04,976 [INFO] TheLog: The Log Info
2022-05-06 04:19:05,076 [INFO] TheLog: The Log Info
2022-05-06 04:19:05,169 [INFO] TheLog: The Log Info
2022-05-06 04:19:05,262 [INFO] TheLog: The Log Info
2022-05-06 04:19:05,353 [INFO] TheLog: The Log Info
2022-05-06 04:19:05,447 [INFO] TheLog: The Log Info
2022-05-06 04:23:40,415 [INFO] TheLog: The Log Info
2022-05-06 04:23:40,512 [INFO] TheLog: The Log Info
2022-05-06 04:23:40,514 [INFO] TheLog: The Log Info
2022-05-06 04:23:40,591 [INFO] TheLog: The Log Info
2022-05-06 04:23:40,618 [INFO] TheLog: The Log Info
2022-05-06 04:23:40,719 [INFO] TheLog: The Log Info
2022-05-06 04:23:40,817 [INFO] TheLog: The Log Info
2022-05-06 04:23:40,911 [INFO] TheLog: The Log Info
2022-05-06 04:23:41,069 [INFO] TheLog: The Log Info
2022-05-06 04:23:41,169 [INFO] TheLog: The Log Info
2022-05-06 04:23:41,264 [INFO] TheLog: The Log Info
2022-05-06 04:23:41,488 [INFO] TheLog: The Log Info
2022-05-06 04:23:41,585 [INFO] TheLog: The Log Info
2022-05-06 04:23:41,678 [INFO] TheLog: The Log Info
2022-05-06 04:23:41,773 [INFO] TheLog: The Log Info
2022-05-06 04:23:41,867 [INFO] TheLog: The Log Info
2022-05-06 04:23:41,959 [INFO] TheLog: The Log Info
2022-05-06 04:25:08,228 [INFO] TheLog: The Log Info
2022-05-06 04:25:08,329 [INFO] TheLog: The Log Info
2022-05-06 04:25:08,331 [INFO] TheLog: The Log Info
2022-05-06 04:25:08,408 [INFO] TheLog: The Log Info
2022-05-06 04:25:08,435 [INFO] TheLog: The Log Info
2022-05-06 04:25:08,536 [INFO] TheLog: The Log Info
2022-05-06 04:25:08,633 [INFO] TheLog: The Log Info
2022-05-06 04:25:08,726 [INFO] TheLog: The Log Info
2022-05-06 04:25:08,889 [INFO] TheLog: The Log Info
2022-05-06 04:25:08,984 [INFO] TheLog: The Log Info
2022-05-06 04:25:09,079 [INFO] TheLog: The Log Info
2022-05-06 04:25:09,329 [INFO] TheLog: The Log Info
2022-05-06 04:25:09,425 [INFO] TheLog: The Log Info
2022-05-06 04:25:09,519 [INFO] TheLog: The Log Info
2022-05-06 04:25:09,615 [INFO] TheLog: The Log Info
2022-05-06 04:25:09,708 [INFO] TheLog: The Log Info
2022-05-06 04:25:09,802 [INFO] TheLog: The Log Info
2022-05-06 04:25:37,810 [INFO] TheLog: The Log Info
2022-05-06 04:25:37,907 [INFO] TheLog: The Log Info
2022-05-06 04:25:37,909 [INFO] TheLog: The Log Info
2022-05-06 04:25:37,985 [INFO] TheLog: The Log Info
2022-05-06 04:25:38,011 [INFO] TheLog: The Log Info
2022-05-06 04:25:38,115 [INFO] TheLog: The Log Info
2022-05-06 04:25:38,213 [INFO] TheLog: The Log Info
2022-05-06 04:25:38,307 [INFO] TheLog: The Log Info
2022-05-06 04:25:38,462 [INFO] TheLog: The Log Info
2022-05-06 04:25:38,558 [INFO] TheLog: The Log Info
2022-05-06 04:25:38,651 [INFO] TheLog: The Log Info
2022-05-06 04:25:38,886 [INFO] TheLog: The Log Info
2022-05-06 04:25:38,981 [INFO] TheLog: The Log Info
2022-05-06 04:25:39,076 [INFO] TheLog: The Log Info
2022-05-06 04:25:39,169 [INFO] TheLog: The Log Info
2022-05-06 04:25:39,261 [INFO] TheLog: The Log Info
2022-05-06 04:25:39,356 [INFO] TheLog: The Log Info
2022-05-06 04:25:50,852 [INFO] TheLog: The Log Info
2022-05-06 04:25:50,950 [INFO] TheLog: The Log Info
2022-05-06 04:25:50,952 [INFO] TheLog: The Log Info
2022-05-06 04:25:51,030 [INFO] TheLog: The Log Info
2022-05-06 04:25:51,056 [INFO] TheLog: The Log Info
2022-05-06 04:25:51,158 [INFO] TheLog: The Log Info
2022-05-06 04:25:51,253 [INFO] TheLog: The Log Info
2022-05-06 04:25:51,346 [INFO] TheLog: The Log Info
2022-05-06 04:25:51,503 [INFO] TheLog: The Log Info
2022-05-06 04:25:51,600 [INFO] TheLog: The Log Info
2022-05-06 04:25:51,694 [INFO] TheLog: The Log Info
2022-05-06 04:25:51,940 [INFO] TheLog: The Log Info
2022-05-06 04:25:52,036 [INFO] TheLog: The Log Info
2022-05-06 04:25:52,130 [INFO] TheLog: The Log Info
2022-05-06 04:25:52,226 [INFO] TheLog: The Log Info
2022-05-06 04:25:52,320 [INFO] TheLog: The Log Info
2022-05-06 04:25:52,414 [INFO] TheLog: The Log Info
2022-05-06 04:26:22,607 [INFO] TheLog: The Log Info
2022-05-06 04:26:22,706 [INFO] TheLog: The Log Info
2022-05-06 04:26:22,708 [INFO] TheLog: The Log Info
2022-05-06 04:26:22,782 [INFO] TheLog: The Log Info
2022-05-06 04:26:22,810 [INFO] TheLog: The Log Info
2022-05-06 04:26:22,919 [INFO] TheLog: The Log Info
2022-05-06 04:26:23,020 [INFO] TheLog: The Log Info
2022-05-06 04:26:23,117 [INFO] TheLog: The Log Info
2022-05-06 04:26:23,281 [INFO] TheLog: The Log Info
2022-05-06 04:26:23,376 [INFO] TheLog: The Log Info
2022-05-06 04:26:23,468 [INFO] TheLog: The Log Info
2022-05-06 04:26:23,670 [INFO] TheLog: The Log Info
2022-05-06 04:26:23,763 [INFO] TheLog: The Log Info
2022-05-06 04:26:23,856 [INFO] TheLog: The Log Info
2022-05-06 04:26:23,948 [INFO] TheLog: The Log Info
2022-05-06 04:26:24,039 [INFO] TheLog: The Log Info
2022-05-06 04:26:24,132 [INFO] TheLog: The Log Info
2022-05-06 04:26:58,021 [INFO] TheLog: The Log Info
2022-05-06 04:26:58,119 [INFO] TheLog: The Log Info
2022-05-06 04:26:58,121 [INFO] TheLog: The Log Info
2022-05-06 04:26:58,197 [INFO] TheLog: The Log Info
2022-05-06 04:26:58,223 [INFO] TheLog: The Log Info
2022-05-06 04:26:58,326 [INFO] TheLog: The Log Info
2022-05-06 04:26:58,426 [INFO] TheLog: The Log Info
2022-05-06 04:26:58,521 [INFO] TheLog: The Log Info
2022-05-06 04:26:58,682 [INFO] TheLog: The Log Info
2022-05-06 04:26:58,780 [INFO] TheLog: The Log Info
2022-05-06 04:26:58,875 [INFO] TheLog: The Log Info
2022-05-06 04:26:59,414 [INFO] TheLog: The Log Info
2022-05-06 04:26:59,513 [INFO] TheLog: The Log Info
2022-05-06 04:26:59,606 [INFO] TheLog: The Log Info
2022-05-06 04:26:59,701 [INFO] TheLog: The Log Info
2022-05-06 04:26:59,795 [INFO] TheLog: The Log Info
2022-05-06 04:26:59,889 [INFO] TheLog: The Log Info
2022-05-06 04:29:58,477 [INFO] TheLog: The Log Info
2022-05-06 04:29:58,572 [INFO] TheLog: The Log Info
2022-05-06 04:29:58,574 [INFO] TheLog: The Log Info
2022-05-06 04:29:58,650 [INFO] TheLog: The Log Info
2022-05-06 04:29:58,678 [INFO] TheLog: The Log Info
2022-05-06 04:29:58,785 [INFO] TheLog: The Log Info
2022-05-06 04:29:58,881 [INFO] TheLog: The Log Info
2022-05-06 04:29:58,975 [INFO] TheLog: The Log Info
2022-05-06 04:29:59,129 [INFO] TheLog: The Log Info
2022-05-06 04:29:59,221 [INFO] TheLog: The Log Info
2022-05-06 04:29:59,315 [INFO] TheLog: The Log Info
2022-05-06 04:29:59,896 [INFO] TheLog: The Log Info
2022-05-06 04:29:59,992 [INFO] TheLog: The Log Info
2022-05-06 04:30:00,086 [INFO] TheLog: The Log Info
2022-05-06 04:30:00,180 [INFO] TheLog: The Log Info
2022-05-06 04:30:00,272 [INFO] TheLog: The Log Info
2022-05-06 04:30:00,366 [INFO] TheLog: The Log Info
2022-05-06 04:31:33,112 [INFO] TheLog: The Log Info
2022-05-06 04:31:33,207 [INFO] TheLog: The Log Info
2022-05-06 04:31:33,208 [INFO] TheLog: The Log Info
2022-05-06 04:31:33,283 [INFO] TheLog: The Log Info
2022-05-06 04:31:33,309 [INFO] TheLog: The Log Info
2022-05-06 04:31:33,415 [INFO] TheLog: The Log Info
2022-05-06 04:31:33,514 [INFO] TheLog: The Log Info
2022-05-06 04:31:33,608 [INFO] TheLog: The Log Info
2022-05-06 04:31:33,767 [INFO] TheLog: The Log Info
2022-05-06 04:31:33,862 [INFO] TheLog: The Log Info
2022-05-06 04:31:33,955 [INFO] TheLog: The Log Info
2022-05-06 04:31:34,069 [INFO] TheLog: The Log Info
2022-05-06 04:31:34,163 [INFO] TheLog: The Log Info
2022-05-06 04:31:34,256 [INFO] TheLog: The Log Info
2022-05-06 04:31:34,349 [INFO] TheLog: The Log Info
2022-05-06 04:31:34,442 [INFO] TheLog: The Log Info
2022-05-06 04:31:34,538 [INFO] TheLog: The Log Info
2022-05-06 04:32:01,340 [INFO] TheLog: The Log Info
2022-05-06 04:32:01,436 [INFO] TheLog: The Log Info
2022-05-06 04:32:01,438 [INFO] TheLog: The Log Info
2022-05-06 04:32:01,515 [INFO] TheLog: The Log Info
2022-05-06 04:32:01,541 [INFO] TheLog: The Log Info
2022-05-06 04:32:01,643 [INFO] TheLog: The Log Info
2022-05-06 04:32:01,738 [INFO] TheLog: The Log Info
2022-05-06 04:32:01,832 [INFO] TheLog: The Log Info
2022-05-06 04:32:01,989 [INFO] TheLog: The Log Info
2022-05-06 04:32:02,083 [INFO] TheLog: The Log Info
2022-05-06 04:32:02,176 [INFO] TheLog: The Log Info
2022-05-06 04:32:02,397 [INFO] TheLog: The Log Info
2022-05-06 04:32:02,491 [INFO] TheLog: The Log Info
2022-05-06 04:32:02,584 [INFO] TheLog: The Log Info
2022-05-06 04:32:02,675 [INFO] TheLog: The Log Info
2022-05-06 04:32:02,769 [INFO] TheLog: The Log Info
2022-05-06 04:32:02,864 [INFO] TheLog: The Log Info
2022-05-06 04:32:31,513 [INFO] TheLog: The Log Info
2022-05-06 04:32:31,607 [INFO] TheLog: The Log Info
2022-05-06 04:32:31,608 [INFO] TheLog: The Log Info
2022-05-06 04:32:31,685 [INFO] TheLog: The Log Info
2022-05-06 04:32:31,710 [INFO] TheLog: The Log Info
2022-05-06 04:32:31,811 [INFO] TheLog: The Log Info
2022-05-06 04:32:31,908 [INFO] TheLog: The Log Info
2022-05-06 04:32:32,000 [INFO] TheLog: The Log Info
2022-05-06 04:32:32,164 [INFO] TheLog: The Log Info
2022-05-06 04:32:32,259 [INFO] TheLog: The Log Info
2022-05-06 04:32:32,354 [INFO] TheLog: The Log Info
2022-05-06 04:32:32,483 [INFO] TheLog: The Log Info
2022-05-06 04:32:32,578 [INFO] TheLog: The Log Info
2022-05-06 04:32:32,669 [INFO] TheLog: The Log Info
2022-05-06 04:32:32,764 [INFO] TheLog: The Log Info
2022-05-06 04:32:32,856 [INFO] TheLog: The Log Info
2022-05-06 04:32:32,950 [INFO] TheLog: The Log Info
2022-05-06 04:33:34,807 [INFO] TheLog: The Log Info
2022-05-06 04:33:34,901 [INFO] TheLog: The Log Info
2022-05-06 04:33:34,903 [INFO] TheLog: The Log Info
2022-05-06 04:33:34,978 [INFO] TheLog: The Log Info
2022-05-06 04:33:35,002 [INFO] TheLog: The Log Info
2022-05-06 04:33:35,104 [INFO] TheLog: The Log Info
2022-05-06 04:33:35,204 [INFO] TheLog: The Log Info
2022-05-06 04:33:35,300 [INFO] TheLog: The Log Info
2022-05-06 04:33:35,463 [INFO] TheLog: The Log Info
2022-05-06 04:33:35,560 [INFO] TheLog: The Log Info
2022-05-06 04:33:35,653 [INFO] TheLog: The Log Info
2022-05-06 04:33:35,896 [INFO] TheLog: The Log Info
2022-05-06 04:33:35,988 [INFO] TheLog: The Log Info
2022-05-06 04:33:36,080 [INFO] TheLog: The Log Info
2022-05-06 04:33:36,170 [INFO] TheLog: The Log Info
2022-05-06 04:33:36,296 [INFO] TheLog: The Log Info
2022-05-06 04:33:36,392 [INFO] TheLog: The Log Info
2022-05-06 04:33:56,893 [INFO] TheLog: The Log Info
2022-05-06 04:33:56,991 [INFO] TheLog: The Log Info
2022-05-06 04:33:56,993 [INFO] TheLog: The Log Info
2022-05-06 04:33:57,074 [INFO] TheLog: The Log Info
2022-05-06 04:33:57,106 [INFO] TheLog: The Log Info
2022-05-06 04:33:57,213 [INFO] TheLog: The Log Info
2022-05-06 04:33:57,310 [INFO] TheLog: The Log Info
2022-05-06 04:33:57,404 [INFO] TheLog: The Log Info
2022-05-06 04:33:57,561 [INFO] TheLog: The Log Info
2022-05-06 04:33:57,655 [INFO] TheLog: The Log Info
2022-05-06 04:33:57,749 [INFO] TheLog: The Log Info
2022-05-06 04:33:58,003 [INFO] TheLog: The Log Info
2022-05-06 04:33:58,097 [INFO] TheLog: The Log Info
2022-05-06 04:33:58,192 [INFO] TheLog: The Log Info
2022-05-06 04:33:58,285 [INFO] TheLog: The Log Info
2022-05-06 04:33:58,409 [INFO] TheLog: The Log Info
2022-05-06 04:33:58,499 [INFO] TheLog: The Log Info
2022-05-06 04:34:15,142 [INFO] TheLog: The Log Info
2022-05-06 04:34:15,239 [INFO] TheLog: The Log Info
2022-05-06 04:34:15,240 [INFO] TheLog: The Log Info
2022-05-06 04:34:15,314 [INFO] TheLog: The Log Info
2022-05-06 04:34:15,339 [INFO] TheLog: The Log Info
2022-05-06 04:34:15,440 [INFO] TheLog: The Log Info
2022-05-06 04:34:15,535 [INFO] TheLog: The Log Info
2022-05-06 04:34:15,631 [INFO] TheLog: The Log Info
2022-05-06 04:34:15,785 [INFO] TheLog: The Log Info
2022-05-06 04:34:15,877 [INFO] TheLog: The Log Info
2022-05-06 04:34:15,969 [INFO] TheLog: The Log Info
2022-05-06 04:34:16,181 [INFO] TheLog: The Log Info
2022-05-06 04:34:16,275 [INFO] TheLog: The Log Info
2022-05-06 04:34:16,366 [INFO] TheLog: The Log Info
2022-05-06 04:34:16,460 [INFO] TheLog: The Log Info
2022-05-06 04:34:16,555 [INFO] TheLog: The Log Info
2022-05-06 04:34:16,651 [INFO] TheLog: The Log Info
2022-05-06 04:34:32,924 [INFO] TheLog: The Log Info
2022-05-06 04:34:33,034 [INFO] TheLog: The Log Info
2022-05-06 04:34:33,036 [INFO] TheLog: The Log Info
2022-05-06 04:34:33,114 [INFO] TheLog: The Log Info
2022-05-06 04:34:33,141 [INFO] TheLog: The Log Info
2022-05-06 04:34:33,243 [INFO] TheLog: The Log Info
2022-05-06 04:34:33,340 [INFO] TheLog: The Log Info
2022-05-06 04:34:33,435 [INFO] TheLog: The Log Info
2022-05-06 04:34:33,594 [INFO] TheLog: The Log Info
2022-05-06 04:34:33,686 [INFO] TheLog: The Log Info
2022-05-06 04:34:33,779 [INFO] TheLog: The Log Info
2022-05-06 04:34:33,998 [INFO] TheLog: The Log Info
2022-05-06 04:34:34,096 [INFO] TheLog: The Log Info
2022-05-06 04:34:34,195 [INFO] TheLog: The Log Info
2022-05-06 04:34:34,291 [INFO] TheLog: The Log Info
2022-05-06 04:34:34,385 [INFO] TheLog: The Log Info
2022-05-06 04:34:34,478 [INFO] TheLog: The Log Info
2022-05-06 04:34:40,400 [INFO] TheLog: The Log Info
2022-05-06 04:34:40,496 [INFO] TheLog: The Log Info
2022-05-06 04:34:40,498 [INFO] TheLog: The Log Info
2022-05-06 04:34:40,577 [INFO] TheLog: The Log Info
2022-05-06 04:34:40,605 [INFO] TheLog: The Log Info
2022-05-06 04:34:40,711 [INFO] TheLog: The Log Info
2022-05-06 04:34:40,810 [INFO] TheLog: The Log Info
2022-05-06 04:34:40,903 [INFO] TheLog: The Log Info
2022-05-06 04:34:41,059 [INFO] TheLog: The Log Info
2022-05-06 04:34:41,154 [INFO] TheLog: The Log Info
2022-05-06 04:34:41,247 [INFO] TheLog: The Log Info
2022-05-06 04:34:41,376 [INFO] TheLog: The Log Info
2022-05-06 04:34:41,471 [INFO] TheLog: The Log Info
2022-05-06 04:34:41,568 [INFO] TheLog: The Log Info
2022-05-06 04:34:41,667 [INFO] TheLog: The Log Info
2022-05-06 04:34:41,766 [INFO] TheLog: The Log Info
2022-05-06 04:34:41,857 [INFO] TheLog: The Log Info
2022-05-06 04:34:57,337 [INFO] TheLog: The Log Info
2022-05-06 04:34:57,435 [INFO] TheLog: The Log Info
2022-05-06 04:34:57,436 [INFO] TheLog: The Log Info
2022-05-06 04:34:57,512 [INFO] TheLog: The Log Info
2022-05-06 04:34:57,539 [INFO] TheLog: The Log Info
2022-05-06 04:34:57,643 [INFO] TheLog: The Log Info
2022-05-06 04:34:57,738 [INFO] TheLog: The Log Info
2022-05-06 04:34:57,831 [INFO] TheLog: The Log Info
2022-05-06 04:34:57,990 [INFO] TheLog: The Log Info
2022-05-06 04:34:58,088 [INFO] TheLog: The Log Info
2022-05-06 04:34:58,181 [INFO] TheLog: The Log Info
2022-05-06 04:34:58,314 [INFO] TheLog: The Log Info
2022-05-06 04:34:58,413 [INFO] TheLog: The Log Info
2022-05-06 04:34:58,512 [INFO] TheLog: The Log Info
2022-05-06 04:34:58,607 [INFO] TheLog: The Log Info
2022-05-06 04:34:58,702 [INFO] TheLog: The Log Info
2022-05-06 04:34:58,796 [INFO] TheLog: The Log Info
2022-05-06 04:38:04,847 [INFO] TheLog: The Log Info
2022-05-06 04:38:06,981 [INFO] TheLog: The Log Info
2022-05-06 04:38:09,134 [INFO] TheLog: The Log Info
2022-05-06 04:38:10,258 [INFO] TheLog: The Log Info
2022-05-06 04:38:11,082 [INFO] TheLog: The Log Info
2022-05-06 15:32:10,642 [INFO] TheLog: The Log Info
2022-05-06 15:32:13,086 [INFO] TheLog: The Log Info
2022-05-06 15:32:19,695 [INFO] TheLog: The Log Info
2022-05-06 15:32:25,186 [INFO] TheLog: The Log Info
2022-05-06 15:32:27,158 [INFO] TheLog: The Log Info
2022-05-06 15:32:27,564 [INFO] TheLog: The Log Info
2022-05-06 15:32:28,384 [INFO] TheLog: The Log Info
2022-05-06 15:32:29,234 [INFO] TheLog: The Log Info
2022-05-06 15:32:33,292 [INFO] TheLog: The Log Info
2022-05-06 15:32:33,324 [INFO] TheLog: The Log Info
2022-05-06 15:33:35,169 [INFO] TheLog: The Log Info
2022-05-06 15:34:04,972 [INFO] TheLog: The Log Info
2022-05-06 15:34:04,999 [INFO] TheLog: The Log Info
2022-05-06 15:34:40,028 [INFO] TheLog: The Log Info
2022-05-06 15:36:28,977 [INFO] TheLog: The Log Info
2022-05-06 15:36:29,085 [INFO] TheLog: The Log Info
2022-05-06 15:36:29,087 [INFO] TheLog: The Log Info
2022-05-06 15:36:29,170 [INFO] TheLog: The Log Info
2022-05-06 15:36:29,200 [INFO] TheLog: The Log Info
2022-05-06 15:36:29,308 [INFO] TheLog: The Log Info
2022-05-06 15:36:29,408 [INFO] TheLog: The Log Info
2022-05-06 15:36:29,503 [INFO] TheLog: The Log Info
2022-05-06 15:36:29,667 [INFO] TheLog: The Log Info
2022-05-06 15:36:29,762 [INFO] TheLog: The Log Info
2022-05-06 15:36:29,855 [INFO] TheLog: The Log Info
2022-05-06 15:36:29,987 [INFO] TheLog: The Log Info
2022-05-06 15:36:30,081 [INFO] TheLog: The Log Info
2022-05-06 15:36:30,175 [INFO] TheLog: The Log Info
2022-05-06 15:36:30,271 [INFO] TheLog: The Log Info
2022-05-06 15:36:30,368 [INFO] TheLog: The Log Info
2022-05-06 15:36:30,464 [INFO] TheLog: The Log Info
2022-05-06 15:37:15,497 [INFO] TheLog: The Log Info
2022-05-06 15:37:15,593 [INFO] TheLog: The Log Info
2022-05-06 15:37:15,595 [INFO] TheLog: The Log Info
2022-05-06 15:37:15,670 [INFO] TheLog: The Log Info
2022-05-06 15:37:15,696 [INFO] TheLog: The Log Info
2022-05-06 15:37:15,798 [INFO] TheLog: The Log Info
2022-05-06 15:37:15,894 [INFO] TheLog: The Log Info
2022-05-06 15:37:15,985 [INFO] TheLog: The Log Info
2022-05-06 15:37:16,138 [INFO] TheLog: The Log Info
2022-05-06 15:37:16,231 [INFO] TheLog: The Log Info
2022-05-06 15:37:16,324 [INFO] TheLog: The Log Info
2022-05-06 15:37:16,453 [INFO] TheLog: The Log Info
2022-05-06 15:37:16,546 [INFO] TheLog: The Log Info
2022-05-06 15:37:16,639 [INFO] TheLog: The Log Info
2022-05-06 15:37:16,733 [INFO] TheLog: The Log Info
2022-05-06 15:37:16,822 [INFO] TheLog: The Log Info
2022-05-06 15:37:16,916 [INFO] TheLog: The Log Info
2022-05-06 15:37:17,017 [INFO] TheLog: The Log Info
2022-05-06 15:37:45,693 [INFO] TheLog: The Log Info
2022-05-06 15:37:45,791 [INFO] TheLog: The Log Info
2022-05-06 15:37:45,793 [INFO] TheLog: The Log Info
2022-05-06 15:37:45,870 [INFO] TheLog: The Log Info
2022-05-06 15:37:45,896 [INFO] TheLog: The Log Info
2022-05-06 15:37:45,999 [INFO] TheLog: The Log Info
2022-05-06 15:37:46,096 [INFO] TheLog: The Log Info
2022-05-06 15:37:46,187 [INFO] TheLog: The Log Info
2022-05-06 15:37:46,342 [INFO] TheLog: The Log Info
2022-05-06 15:37:46,436 [INFO] TheLog: The Log Info
2022-05-06 15:37:46,530 [INFO] TheLog: The Log Info
2022-05-06 15:37:46,659 [INFO] TheLog: The Log Info
2022-05-06 15:37:46,758 [INFO] TheLog: The Log Info
2022-05-06 15:37:46,850 [INFO] TheLog: The Log Info
2022-05-06 15:37:46,943 [INFO] TheLog: The Log Info
2022-05-06 15:37:47,035 [INFO] TheLog: The Log Info
2022-05-06 15:37:47,126 [INFO] TheLog: The Log Info
2022-05-06 15:37:57,244 [INFO] TheLog: The Log Info
2022-05-06 15:37:57,343 [INFO] TheLog: The Log Info
2022-05-06 15:37:57,345 [INFO] TheLog: The Log Info
2022-05-06 15:37:57,423 [INFO] TheLog: The Log Info
2022-05-06 15:37:57,448 [INFO] TheLog: The Log Info
2022-05-06 15:37:57,549 [INFO] TheLog: The Log Info
2022-05-06 15:37:57,647 [INFO] TheLog: The Log Info
2022-05-06 15:37:57,741 [INFO] TheLog: The Log Info
2022-05-06 15:37:57,897 [INFO] TheLog: The Log Info
2022-05-06 15:37:57,991 [INFO] TheLog: The Log Info
2022-05-06 15:37:58,085 [INFO] TheLog: The Log Info
2022-05-06 15:37:58,220 [INFO] TheLog: The Log Info
2022-05-06 15:37:58,316 [INFO] TheLog: The Log Info
2022-05-06 15:37:58,410 [INFO] TheLog: The Log Info
2022-05-06 15:37:58,503 [INFO] TheLog: The Log Info
2022-05-06 15:37:58,594 [INFO] TheLog: The Log Info
2022-05-06 15:37:58,687 [INFO] TheLog: The Log Info
2022-05-06 15:37:58,789 [INFO] TheLog: The Log Info
2022-05-06 15:38:24,963 [INFO] TheLog: The Log Info
2022-05-06 15:38:25,061 [INFO] TheLog: The Log Info
2022-05-06 15:38:25,062 [INFO] TheLog: The Log Info
2022-05-06 15:38:25,141 [INFO] TheLog: The Log Info
2022-05-06 15:38:25,167 [INFO] TheLog: The Log Info
2022-05-06 15:38:25,270 [INFO] TheLog: The Log Info
2022-05-06 15:38:25,368 [INFO] TheLog: The Log Info
2022-05-06 15:38:25,461 [INFO] TheLog: The Log Info
2022-05-06 15:38:25,617 [INFO] TheLog: The Log Info
2022-05-06 15:38:25,712 [INFO] TheLog: The Log Info
2022-05-06 15:38:25,812 [INFO] TheLog: The Log Info
2022-05-06 15:38:25,947 [INFO] TheLog: The Log Info
2022-05-06 15:38:26,045 [INFO] TheLog: The Log Info
2022-05-06 15:38:26,137 [INFO] TheLog: The Log Info
2022-05-06 15:38:26,229 [INFO] TheLog: The Log Info
2022-05-06 15:38:26,320 [INFO] TheLog: The Log Info
2022-05-06 15:38:26,415 [INFO] TheLog: The Log Info
2022-05-06 15:38:26,515 [INFO] TheLog: The Log Info
2022-05-06 15:38:38,945 [INFO] TheLog: The Log Info
2022-05-06 15:38:39,042 [INFO] TheLog: The Log Info
2022-05-06 15:38:39,043 [INFO] TheLog: The Log Info
2022-05-06 15:38:39,119 [INFO] TheLog: The Log Info
2022-05-06 15:38:39,145 [INFO] TheLog: The Log Info
2022-05-06 15:38:39,247 [INFO] TheLog: The Log Info
2022-05-06 15:38:39,342 [INFO] TheLog: The Log Info
2022-05-06 15:38:39,437 [INFO] TheLog: The Log Info
2022-05-06 15:38:39,594 [INFO] TheLog: The Log Info
2022-05-06 15:38:39,687 [INFO] TheLog: The Log Info
2022-05-06 15:38:39,780 [INFO] TheLog: The Log Info
2022-05-06 15:38:39,908 [INFO] TheLog: The Log Info
2022-05-06 15:38:40,006 [INFO] TheLog: The Log Info
2022-05-06 15:38:40,100 [INFO] TheLog: The Log Info
2022-05-06 15:38:40,195 [INFO] TheLog: The Log Info
2022-05-06 15:38:40,288 [INFO] TheLog: The Log Info
2022-05-06 15:38:40,383 [INFO] TheLog: The Log Info
2022-05-06 15:38:40,483 [INFO] TheLog: The Log Info
2022-05-06 15:39:24,578 [INFO] TheLog: The Log Info
2022-05-06 15:39:24,674 [INFO] TheLog: The Log Info
2022-05-06 15:39:24,675 [INFO] TheLog: The Log Info
2022-05-06 15:39:24,753 [INFO] TheLog: The Log Info
2022-05-06 15:39:24,782 [INFO] TheLog: The Log Info
2022-05-06 15:39:24,883 [INFO] TheLog: The Log Info
2022-05-06 15:39:24,981 [INFO] TheLog: The Log Info
2022-05-06 15:39:25,078 [INFO] TheLog: The Log Info
2022-05-06 15:39:25,230 [INFO] TheLog: The Log Info
2022-05-06 15:39:25,321 [INFO] TheLog: The Log Info
2022-05-06 15:39:25,415 [INFO] TheLog: The Log Info
2022-05-06 15:39:25,552 [INFO] TheLog: The Log Info
2022-05-06 15:39:25,651 [INFO] TheLog: The Log Info
2022-05-06 15:39:25,744 [INFO] TheLog: The Log Info
2022-05-06 15:39:25,836 [INFO] TheLog: The Log Info
2022-05-06 15:39:25,928 [INFO] TheLog: The Log Info
2022-05-06 15:39:26,022 [INFO] TheLog: The Log Info
2022-05-06 15:41:09,504 [INFO] TheLog: The Log Info
2022-05-06 15:41:09,603 [INFO] TheLog: The Log Info
2022-05-06 15:41:09,605 [INFO] TheLog: The Log Info
2022-05-06 15:41:09,682 [INFO] TheLog: The Log Info
2022-05-06 15:41:09,709 [INFO] TheLog: The Log Info
2022-05-06 15:41:09,817 [INFO] TheLog: The Log Info
2022-05-06 15:41:09,918 [INFO] TheLog: The Log Info
2022-05-06 15:41:10,009 [INFO] TheLog: The Log Info
2022-05-06 15:41:10,166 [INFO] TheLog: The Log Info
2022-05-06 15:41:10,261 [INFO] TheLog: The Log Info
2022-05-06 15:41:10,355 [INFO] TheLog: The Log Info
2022-05-06 15:41:10,486 [INFO] TheLog: The Log Info
2022-05-06 15:41:10,581 [INFO] TheLog: The Log Info
2022-05-06 15:41:10,673 [INFO] TheLog: The Log Info
2022-05-06 15:41:10,767 [INFO] TheLog: The Log Info
2022-05-06 15:41:10,860 [INFO] TheLog: The Log Info
2022-05-06 15:41:10,956 [INFO] TheLog: The Log Info
2022-05-06 15:41:11,058 [INFO] TheLog: The Log Info
2022-05-06 15:41:21,905 [INFO] TheLog: The Log Info
2022-05-06 15:41:22,006 [INFO] TheLog: The Log Info
2022-05-06 15:41:22,008 [INFO] TheLog: The Log Info
2022-05-06 15:41:22,083 [INFO] TheLog: The Log Info
2022-05-06 15:41:22,110 [INFO] TheLog: The Log Info
2022-05-06 15:41:22,218 [INFO] TheLog: The Log Info
2022-05-06 15:41:22,314 [INFO] TheLog: The Log Info
2022-05-06 15:41:22,406 [INFO] TheLog: The Log Info
2022-05-06 15:41:22,561 [INFO] TheLog: The Log Info
2022-05-06 15:41:22,654 [INFO] TheLog: The Log Info
2022-05-06 15:41:22,747 [INFO] TheLog: The Log Info
2022-05-06 15:41:22,882 [INFO] TheLog: The Log Info
2022-05-06 15:41:22,975 [INFO] TheLog: The Log Info
2022-05-06 15:41:23,069 [INFO] TheLog: The Log Info
2022-05-06 15:41:23,164 [INFO] TheLog: The Log Info
2022-05-06 15:41:23,258 [INFO] TheLog: The Log Info
2022-05-06 15:41:23,350 [INFO] TheLog: The Log Info
2022-05-06 15:41:23,453 [INFO] TheLog: The Log Info
2022-05-06 15:42:15,730 [INFO] TheLog: The Log Info
2022-05-06 15:42:15,829 [INFO] TheLog: The Log Info
2022-05-06 15:42:15,831 [INFO] TheLog: The Log Info
2022-05-06 15:42:15,909 [INFO] TheLog: The Log Info
2022-05-06 15:42:15,937 [INFO] TheLog: The Log Info
2022-05-06 15:42:16,051 [INFO] TheLog: The Log Info
2022-05-06 15:42:16,152 [INFO] TheLog: The Log Info
2022-05-06 15:42:16,246 [INFO] TheLog: The Log Info
2022-05-06 15:42:16,403 [INFO] TheLog: The Log Info
2022-05-06 15:42:16,500 [INFO] TheLog: The Log Info
2022-05-06 15:42:16,594 [INFO] TheLog: The Log Info
2022-05-06 15:42:16,721 [INFO] TheLog: The Log Info
2022-05-06 15:42:16,814 [INFO] TheLog: The Log Info
2022-05-06 15:42:16,907 [INFO] TheLog: The Log Info
2022-05-06 15:42:17,002 [INFO] TheLog: The Log Info
2022-05-06 15:42:17,096 [INFO] TheLog: The Log Info
2022-05-06 15:42:17,191 [INFO] TheLog: The Log Info
2022-05-06 15:42:17,291 [INFO] TheLog: The Log Info
2022-05-06 15:42:47,516 [INFO] TheLog: The Log Info
2022-05-06 15:42:47,615 [INFO] TheLog: The Log Info
2022-05-06 15:42:47,617 [INFO] TheLog: The Log Info
2022-05-06 15:42:47,693 [INFO] TheLog: The Log Info
2022-05-06 15:42:47,719 [INFO] TheLog: The Log Info
2022-05-06 15:42:47,824 [INFO] TheLog: The Log Info
2022-05-06 15:42:47,923 [INFO] TheLog: The Log Info
2022-05-06 15:42:48,018 [INFO] TheLog: The Log Info
2022-05-06 15:42:48,182 [INFO] TheLog: The Log Info
2022-05-06 15:42:48,276 [INFO] TheLog: The Log Info
2022-05-06 15:42:48,370 [INFO] TheLog: The Log Info
2022-05-06 15:42:48,502 [INFO] TheLog: The Log Info
2022-05-06 15:42:48,600 [INFO] TheLog: The Log Info
2022-05-06 15:42:48,696 [INFO] TheLog: The Log Info
2022-05-06 15:42:48,791 [INFO] TheLog: The Log Info
2022-05-06 15:42:48,885 [INFO] TheLog: The Log Info
2022-05-06 15:42:48,982 [INFO] TheLog: The Log Info
2022-05-06 15:42:49,084 [INFO] TheLog: The Log Info
2022-05-06 15:42:55,691 [INFO] TheLog: The Log Info
2022-05-06 15:42:55,789 [INFO] TheLog: The Log Info
2022-05-06 15:42:55,791 [INFO] TheLog: The Log Info
2022-05-06 15:42:55,869 [INFO] TheLog: The Log Info
2022-05-06 15:42:55,896 [INFO] TheLog: The Log Info
2022-05-06 15:42:55,998 [INFO] TheLog: The Log Info
2022-05-06 15:42:56,093 [INFO] TheLog: The Log Info
2022-05-06 15:42:56,186 [INFO] TheLog: The Log Info
2022-05-06 15:42:56,345 [INFO] TheLog: The Log Info
2022-05-06 15:42:56,442 [INFO] TheLog: The Log Info
2022-05-06 15:42:56,535 [INFO] TheLog: The Log Info
2022-05-06 15:42:56,665 [INFO] TheLog: The Log Info
2022-05-06 15:42:56,760 [INFO] TheLog: The Log Info
2022-05-06 15:42:56,854 [INFO] TheLog: The Log Info
2022-05-06 15:42:56,948 [INFO] TheLog: The Log Info
2022-05-06 15:42:57,039 [INFO] TheLog: The Log Info
2022-05-06 15:42:57,131 [INFO] TheLog: The Log Info
2022-05-06 15:42:57,229 [INFO] TheLog: The Log Info
2022-05-06 15:43:44,185 [INFO] TheLog: The Log Info
2022-05-06 15:43:44,283 [INFO] TheLog: The Log Info
2022-05-06 15:43:44,285 [INFO] TheLog: The Log Info
2022-05-06 15:43:44,361 [INFO] TheLog: The Log Info
2022-05-06 15:43:44,388 [INFO] TheLog: The Log Info
2022-05-06 15:43:44,491 [INFO] TheLog: The Log Info
2022-05-06 15:43:44,589 [INFO] TheLog: The Log Info
2022-05-06 15:43:44,686 [INFO] TheLog: The Log Info
2022-05-06 15:43:44,844 [INFO] TheLog: The Log Info
2022-05-06 15:43:44,940 [INFO] TheLog: The Log Info
2022-05-06 15:43:45,037 [INFO] TheLog: The Log Info
2022-05-06 15:43:45,170 [INFO] TheLog: The Log Info
2022-05-06 15:43:45,264 [INFO] TheLog: The Log Info
2022-05-06 15:43:45,361 [INFO] TheLog: The Log Info
2022-05-06 15:43:45,457 [INFO] TheLog: The Log Info
2022-05-06 15:43:45,552 [INFO] TheLog: The Log Info
2022-05-06 15:43:45,646 [INFO] TheLog: The Log Info
2022-05-06 15:43:45,745 [INFO] TheLog: The Log Info
2022-05-06 15:56:25,323 [INFO] TheLog: The Log Info
2022-05-06 15:56:25,424 [INFO] TheLog: The Log Info
2022-05-06 15:56:25,426 [INFO] TheLog: The Log Info
2022-05-06 15:56:25,504 [INFO] TheLog: The Log Info
2022-05-06 15:56:25,530 [INFO] TheLog: The Log Info
2022-05-06 15:56:25,633 [INFO] TheLog: The Log Info
2022-05-06 15:56:25,729 [INFO] TheLog: The Log Info
2022-05-06 15:56:25,825 [INFO] TheLog: The Log Info
2022-05-06 15:56:25,926 [INFO] TheLog: The Log Info
2022-05-06 15:56:26,182 [INFO] TheLog: The Log Info
2022-05-06 15:56:26,281 [INFO] TheLog: The Log Info
2022-05-06 15:56:26,377 [INFO] TheLog: The Log Info
2022-05-06 15:56:26,508 [INFO] TheLog: The Log Info
2022-05-06 15:56:26,602 [INFO] TheLog: The Log Info
2022-05-06 15:56:26,697 [INFO] TheLog: The Log Info
2022-05-06 15:56:26,789 [INFO] TheLog: The Log Info
2022-05-06 15:56:26,883 [INFO] TheLog: The Log Info
2022-05-06 15:56:26,979 [INFO] TheLog: The Log Info
2022-05-06 15:56:27,079 [INFO] TheLog: The Log Info
2022-05-06 15:58:38,505 [INFO] TheLog: The Log Info
2022-05-06 15:58:39,078 [INFO] TheLog: The Log Info
2022-05-06 15:58:39,592 [INFO] TheLog: The Log Info
2022-05-06 15:58:40,125 [INFO] TheLog: The Log Info
2022-05-06 15:58:44,885 [INFO] TheLog: The Log Info
2022-05-06 15:58:44,915 [INFO] TheLog: The Log Info
2022-05-06 15:58:54,242 [INFO] TheLog: The Log Info
2022-05-06 15:58:54,335 [INFO] TheLog: The Log Info
2022-05-06 15:58:54,337 [INFO] TheLog: The Log Info
2022-05-06 15:58:54,413 [INFO] TheLog: The Log Info
2022-05-06 15:58:54,436 [INFO] TheLog: The Log Info
2022-05-06 15:58:54,534 [INFO] TheLog: The Log Info
2022-05-06 15:58:54,627 [INFO] TheLog: The Log Info
2022-05-06 15:58:54,718 [INFO] TheLog: The Log Info
2022-05-06 15:58:54,816 [INFO] TheLog: The Log Info
2022-05-06 15:58:55,059 [INFO] TheLog: The Log Info
2022-05-06 15:58:55,156 [INFO] TheLog: The Log Info
2022-05-06 15:58:55,250 [INFO] TheLog: The Log Info
2022-05-06 15:58:55,379 [INFO] TheLog: The Log Info
2022-05-06 15:58:55,470 [INFO] TheLog: The Log Info
2022-05-06 15:58:55,562 [INFO] TheLog: The Log Info
2022-05-06 15:58:55,654 [INFO] TheLog: The Log Info
2022-05-06 15:58:55,745 [INFO] TheLog: The Log Info
2022-05-06 15:58:55,836 [INFO] TheLog: The Log Info
2022-05-06 15:58:55,932 [INFO] TheLog: The Log Info
2022-05-06 15:59:21,195 [INFO] TheLog: The Log Info
2022-05-06 15:59:21,296 [INFO] TheLog: The Log Info
2022-05-06 15:59:21,298 [INFO] TheLog: The Log Info
2022-05-06 15:59:21,374 [INFO] TheLog: The Log Info
2022-05-06 15:59:21,402 [INFO] TheLog: The Log Info
2022-05-06 15:59:21,506 [INFO] TheLog: The Log Info
2022-05-06 15:59:21,603 [INFO] TheLog: The Log Info
2022-05-06 15:59:21,695 [INFO] TheLog: The Log Info
2022-05-06 15:59:21,792 [INFO] TheLog: The Log Info
2022-05-06 15:59:22,030 [INFO] TheLog: The Log Info
2022-05-06 15:59:22,122 [INFO] TheLog: The Log Info
2022-05-06 15:59:22,215 [INFO] TheLog: The Log Info
2022-05-06 15:59:22,347 [INFO] TheLog: The Log Info
2022-05-06 15:59:22,440 [INFO] TheLog: The Log Info
2022-05-06 15:59:22,534 [INFO] TheLog: The Log Info
2022-05-06 15:59:22,625 [INFO] TheLog: The Log Info
2022-05-06 15:59:22,717 [INFO] TheLog: The Log Info
2022-05-06 15:59:22,808 [INFO] TheLog: The Log Info
2022-05-06 15:59:22,908 [INFO] TheLog: The Log Info
2022-05-06 15:59:47,339 [INFO] TheLog: The Log Info
2022-05-06 15:59:47,435 [INFO] TheLog: The Log Info
2022-05-06 15:59:47,437 [INFO] TheLog: The Log Info
2022-05-06 15:59:47,513 [INFO] TheLog: The Log Info
2022-05-06 15:59:47,538 [INFO] TheLog: The Log Info
2022-05-06 15:59:47,640 [INFO] TheLog: The Log Info
2022-05-06 15:59:47,735 [INFO] TheLog: The Log Info
2022-05-06 15:59:47,825 [INFO] TheLog: The Log Info
2022-05-06 15:59:47,922 [INFO] TheLog: The Log Info
2022-05-06 15:59:48,158 [INFO] TheLog: The Log Info
2022-05-06 15:59:48,249 [INFO] TheLog: The Log Info
2022-05-06 15:59:48,341 [INFO] TheLog: The Log Info
2022-05-06 15:59:48,471 [INFO] TheLog: The Log Info
2022-05-06 15:59:48,562 [INFO] TheLog: The Log Info
2022-05-06 15:59:48,654 [INFO] TheLog: The Log Info
2022-05-06 15:59:48,745 [INFO] TheLog: The Log Info
2022-05-06 15:59:48,835 [INFO] TheLog: The Log Info
2022-05-06 15:59:48,926 [INFO] TheLog: The Log Info
2022-05-06 15:59:49,023 [INFO] TheLog: The Log Info
2022-05-06 16:00:10,092 [INFO] TheLog: The Log Info
2022-05-06 16:00:10,188 [INFO] TheLog: The Log Info
2022-05-06 16:00:10,190 [INFO] TheLog: The Log Info
2022-05-06 16:00:10,265 [INFO] TheLog: The Log Info
2022-05-06 16:00:10,291 [INFO] TheLog: The Log Info
2022-05-06 16:00:10,390 [INFO] TheLog: The Log Info
2022-05-06 16:00:10,483 [INFO] TheLog: The Log Info
2022-05-06 16:00:10,573 [INFO] TheLog: The Log Info
2022-05-06 16:00:10,669 [INFO] TheLog: The Log Info
2022-05-06 16:00:10,904 [INFO] TheLog: The Log Info
2022-05-06 16:00:10,995 [INFO] TheLog: The Log Info
2022-05-06 16:00:11,087 [INFO] TheLog: The Log Info
2022-05-06 16:00:11,225 [INFO] TheLog: The Log Info
2022-05-06 16:00:11,322 [INFO] TheLog: The Log Info
2022-05-06 16:00:11,414 [INFO] TheLog: The Log Info
2022-05-06 16:00:11,507 [INFO] TheLog: The Log Info
2022-05-06 16:00:11,598 [INFO] TheLog: The Log Info
2022-05-06 16:00:11,688 [INFO] TheLog: The Log Info
2022-05-06 16:00:11,787 [INFO] TheLog: The Log Info
2022-05-06 16:00:29,244 [INFO] TheLog: The Log Info
2022-05-06 16:00:29,340 [INFO] TheLog: The Log Info
2022-05-06 16:00:29,342 [INFO] TheLog: The Log Info
2022-05-06 16:00:29,419 [INFO] TheLog: The Log Info
2022-05-06 16:00:29,445 [INFO] TheLog: The Log Info
2022-05-06 16:00:29,549 [INFO] TheLog: The Log Info
2022-05-06 16:00:29,646 [INFO] TheLog: The Log Info
2022-05-06 16:00:29,743 [INFO] TheLog: The Log Info
2022-05-06 16:00:29,849 [INFO] TheLog: The Log Info
2022-05-06 16:00:30,100 [INFO] TheLog: The Log Info
2022-05-06 16:00:30,193 [INFO] TheLog: The Log Info
2022-05-06 16:00:30,286 [INFO] TheLog: The Log Info
2022-05-06 16:00:30,415 [INFO] TheLog: The Log Info
2022-05-06 16:00:30,510 [INFO] TheLog: The Log Info
2022-05-06 16:00:30,603 [INFO] TheLog: The Log Info
2022-05-06 16:00:30,696 [INFO] TheLog: The Log Info
2022-05-06 16:00:30,793 [INFO] TheLog: The Log Info
2022-05-06 16:00:30,890 [INFO] TheLog: The Log Info
2022-05-06 16:00:30,988 [INFO] TheLog: The Log Info
2022-05-06 16:01:42,013 [INFO] TheLog: The Log Info
2022-05-06 16:01:42,112 [INFO] TheLog: The Log Info
2022-05-06 16:01:42,113 [INFO] TheLog: The Log Info
2022-05-06 16:01:42,188 [INFO] TheLog: The Log Info
2022-05-06 16:01:42,213 [INFO] TheLog: The Log Info
2022-05-06 16:01:42,313 [INFO] TheLog: The Log Info
2022-05-06 16:01:42,409 [INFO] TheLog: The Log Info
2022-05-06 16:01:42,506 [INFO] TheLog: The Log Info
2022-05-06 16:01:42,609 [INFO] TheLog: The Log Info
2022-05-06 16:01:42,856 [INFO] TheLog: The Log Info
2022-05-06 16:01:42,950 [INFO] TheLog: The Log Info
2022-05-06 16:01:43,043 [INFO] TheLog: The Log Info
2022-05-06 16:01:43,170 [INFO] TheLog: The Log Info
2022-05-06 16:01:43,261 [INFO] TheLog: The Log Info
2022-05-06 16:01:43,353 [INFO] TheLog: The Log Info
2022-05-06 16:01:43,445 [INFO] TheLog: The Log Info
2022-05-06 16:01:43,537 [INFO] TheLog: The Log Info
2022-05-06 16:01:43,627 [INFO] TheLog: The Log Info
2022-05-06 16:01:43,729 [INFO] TheLog: The Log Info
2022-05-06 16:01:43,864 [INFO] TheLog: The Log Info
2022-05-06 16:02:14,410 [INFO] TheLog: The Log Info
2022-05-06 16:02:14,506 [INFO] TheLog: The Log Info
2022-05-06 16:02:14,508 [INFO] TheLog: The Log Info
2022-05-06 16:02:14,584 [INFO] TheLog: The Log Info
2022-05-06 16:02:14,609 [INFO] TheLog: The Log Info
2022-05-06 16:02:14,713 [INFO] TheLog: The Log Info
2022-05-06 16:02:14,807 [INFO] TheLog: The Log Info
2022-05-06 16:02:14,899 [INFO] TheLog: The Log Info
2022-05-06 16:02:15,000 [INFO] TheLog: The Log Info
2022-05-06 16:02:15,162 [INFO] TheLog: The Log Info
2022-05-06 16:02:15,258 [INFO] TheLog: The Log Info
2022-05-06 16:02:15,354 [INFO] TheLog: The Log Info
2022-05-06 16:02:15,482 [INFO] TheLog: The Log Info
2022-05-06 16:02:15,574 [INFO] TheLog: The Log Info
2022-05-06 16:02:15,668 [INFO] TheLog: The Log Info
2022-05-06 16:02:15,759 [INFO] TheLog: The Log Info
2022-05-06 16:02:15,850 [INFO] TheLog: The Log Info
2022-05-06 16:02:15,942 [INFO] TheLog: The Log Info
2022-05-06 16:02:16,041 [INFO] TheLog: The Log Info
2022-05-06 16:02:16,248 [INFO] TheLog: The Log Info
2022-05-06 16:04:40,029 [INFO] TheLog: The Log Info
2022-05-06 16:04:40,127 [INFO] TheLog: The Log Info
2022-05-06 16:04:40,129 [INFO] TheLog: The Log Info
2022-05-06 16:04:40,212 [INFO] TheLog: The Log Info
2022-05-06 16:04:40,238 [INFO] TheLog: The Log Info
2022-05-06 16:04:40,345 [INFO] TheLog: The Log Info
2022-05-06 16:04:40,440 [INFO] TheLog: The Log Info
2022-05-06 16:04:40,532 [INFO] TheLog: The Log Info
2022-05-06 16:04:40,634 [INFO] TheLog: The Log Info
2022-05-06 16:04:40,795 [INFO] TheLog: The Log Info
2022-05-06 16:04:40,889 [INFO] TheLog: The Log Info
2022-05-06 16:04:40,983 [INFO] TheLog: The Log Info
2022-05-06 16:04:41,112 [INFO] TheLog: The Log Info
2022-05-06 16:04:41,208 [INFO] TheLog: The Log Info
2022-05-06 16:04:41,302 [INFO] TheLog: The Log Info
2022-05-06 16:04:41,402 [INFO] TheLog: The Log Info
2022-05-06 16:04:41,497 [INFO] TheLog: The Log Info
2022-05-06 16:04:41,591 [INFO] TheLog: The Log Info
2022-05-06 16:04:41,691 [INFO] TheLog: The Log Info
2022-05-06 16:04:41,905 [INFO] TheLog: The Log Info
2022-05-06 16:04:54,943 [INFO] TheLog: The Log Info
2022-05-06 16:04:55,038 [INFO] TheLog: The Log Info
2022-05-06 16:04:55,040 [INFO] TheLog: The Log Info
2022-05-06 16:04:55,115 [INFO] TheLog: The Log Info
2022-05-06 16:04:55,141 [INFO] TheLog: The Log Info
2022-05-06 16:04:55,244 [INFO] TheLog: The Log Info
2022-05-06 16:04:55,340 [INFO] TheLog: The Log Info
2022-05-06 16:04:55,435 [INFO] TheLog: The Log Info
2022-05-06 16:04:55,538 [INFO] TheLog: The Log Info
2022-05-06 16:04:55,701 [INFO] TheLog: The Log Info
2022-05-06 16:04:55,795 [INFO] TheLog: The Log Info
2022-05-06 16:04:55,893 [INFO] TheLog: The Log Info
2022-05-06 16:04:56,023 [INFO] TheLog: The Log Info
2022-05-06 16:04:56,114 [INFO] TheLog: The Log Info
2022-05-06 16:04:56,209 [INFO] TheLog: The Log Info
2022-05-06 16:04:56,302 [INFO] TheLog: The Log Info
2022-05-06 16:04:56,397 [INFO] TheLog: The Log Info
2022-05-06 16:04:56,491 [INFO] TheLog: The Log Info
2022-05-06 16:04:56,590 [INFO] TheLog: The Log Info
